{"/Users/hyun-in/code/acad-webview-app/src/lib/api/academy.ts": {"path":"/Users/hyun-in/code/acad-webview-app/src/lib/api/academy.ts","statementMap":{"0":{"start":{"line":6,"column":16},"end":{"line":6,"column":null}},"1":{"start":{"line":7,"column":1},"end":{"line":7,"column":null}},"2":{"start":{"line":7,"column":13},"end":{"line":7,"column":null}},"3":{"start":{"line":8,"column":1},"end":{"line":8,"column":null}},"4":{"start":{"line":9,"column":1},"end":{"line":9,"column":null}},"5":{"start":{"line":10,"column":1},"end":{"line":10,"column":null}},"6":{"start":{"line":14,"column":1},"end":{"line":14,"column":null}},"7":{"start":{"line":18,"column":1},"end":{"line":20,"column":null}},"8":{"start":{"line":25,"column":1},"end":{"line":27,"column":null}},"9":{"start":{"line":31,"column":1},"end":{"line":31,"column":null}},"10":{"start":{"line":39,"column":1},"end":{"line":42,"column":null}},"11":{"start":{"line":46,"column":1},"end":{"line":46,"column":null}},"12":{"start":{"line":51,"column":1},"end":{"line":53,"column":null}},"13":{"start":{"line":57,"column":1},"end":{"line":57,"column":null}},"14":{"start":{"line":61,"column":1},"end":{"line":61,"column":null}},"15":{"start":{"line":73,"column":1},"end":{"line":73,"column":null}},"16":{"start":{"line":86,"column":1},"end":{"line":86,"column":null}},"17":{"start":{"line":90,"column":1},"end":{"line":90,"column":null}}},"fnMap":{"0":{"name":"getAcademies","decl":{"start":{"line":5,"column":16},"end":{"line":5,"column":29}},"loc":{"start":{"line":5,"column":68},"end":{"line":11,"column":null}},"line":5},"1":{"name":"getAcademy","decl":{"start":{"line":13,"column":16},"end":{"line":13,"column":27}},"loc":{"start":{"line":13,"column":46},"end":{"line":15,"column":null}},"line":13},"2":{"name":"getAppConfig","decl":{"start":{"line":17,"column":16},"end":{"line":17,"column":29}},"loc":{"start":{"line":17,"column":75},"end":{"line":21,"column":null}},"line":17},"3":{"name":"getCalendarEvents","decl":{"start":{"line":24,"column":16},"end":{"line":24,"column":34}},"loc":{"start":{"line":24,"column":82},"end":{"line":28,"column":null}},"line":24},"4":{"name":"createCalendarEvent","decl":{"start":{"line":30,"column":16},"end":{"line":30,"column":36}},"loc":{"start":{"line":30,"column":88},"end":{"line":32,"column":null}},"line":30},"5":{"name":"updateCalendarEvent","decl":{"start":{"line":34,"column":16},"end":{"line":34,"column":null}},"loc":{"start":{"line":38,"column":2},"end":{"line":43,"column":null}},"line":38},"6":{"name":"deleteCalendarEvent","decl":{"start":{"line":45,"column":16},"end":{"line":45,"column":36}},"loc":{"start":{"line":45,"column":72},"end":{"line":47,"column":null}},"line":45},"7":{"name":"getNotices","decl":{"start":{"line":50,"column":16},"end":{"line":50,"column":27}},"loc":{"start":{"line":50,"column":68},"end":{"line":54,"column":null}},"line":50},"8":{"name":"getNoticeDetail","decl":{"start":{"line":56,"column":16},"end":{"line":56,"column":32}},"loc":{"start":{"line":56,"column":69},"end":{"line":58,"column":null}},"line":56},"9":{"name":"getRecentNotices","decl":{"start":{"line":60,"column":16},"end":{"line":60,"column":33}},"loc":{"start":{"line":60,"column":52},"end":{"line":62,"column":null}},"line":60},"10":{"name":"createNotice","decl":{"start":{"line":64,"column":16},"end":{"line":64,"column":null}},"loc":{"start":{"line":72,"column":2},"end":{"line":74,"column":null}},"line":72},"11":{"name":"updateNotice","decl":{"start":{"line":76,"column":16},"end":{"line":76,"column":null}},"loc":{"start":{"line":85,"column":2},"end":{"line":87,"column":null}},"line":85},"12":{"name":"deleteNotice","decl":{"start":{"line":89,"column":16},"end":{"line":89,"column":29}},"loc":{"start":{"line":89,"column":66},"end":{"line":91,"column":null}},"line":89}},"branchMap":{"0":{"loc":{"start":{"line":5,"column":46},"end":{"line":5,"column":56}},"type":"default-arg","locations":[{"start":{"line":5,"column":53},"end":{"line":5,"column":56}}],"line":5},"1":{"loc":{"start":{"line":5,"column":56},"end":{"line":5,"column":68}},"type":"default-arg","locations":[{"start":{"line":5,"column":64},"end":{"line":5,"column":68}}],"line":5},"2":{"loc":{"start":{"line":7,"column":1},"end":{"line":7,"column":null}},"type":"if","locations":[{"start":{"line":7,"column":1},"end":{"line":7,"column":null}},{"start":{},"end":{}}],"line":7},"3":{"loc":{"start":{"line":50,"column":46},"end":{"line":50,"column":56}},"type":"default-arg","locations":[{"start":{"line":50,"column":53},"end":{"line":50,"column":56}}],"line":50},"4":{"loc":{"start":{"line":50,"column":56},"end":{"line":50,"column":68}},"type":"default-arg","locations":[{"start":{"line":50,"column":64},"end":{"line":50,"column":68}}],"line":50}},"s":{"0":0,"1":0,"2":0,"3":0,"4":0,"5":0,"6":0,"7":0,"8":0,"9":0,"10":0,"11":0,"12":0,"13":0,"14":0,"15":0,"16":0,"17":0},"f":{"0":0,"1":0,"2":0,"3":0,"4":0,"5":0,"6":0,"7":0,"8":0,"9":0,"10":0,"11":0,"12":0},"b":{"0":[0],"1":[0],"2":[0,0],"3":[0],"4":[0]},"meta":{"lastBranch":5,"lastFunction":13,"lastStatement":18,"seen":{"f:5:16:5:29":0,"b:5:53:5:56":0,"b:5:64:5:68":1,"s:6:16:6:Infinity":0,"b:7:1:7:Infinity:undefined:undefined:undefined:undefined":2,"s:7:1:7:Infinity":1,"s:7:13:7:Infinity":2,"s:8:1:8:Infinity":3,"s:9:1:9:Infinity":4,"s:10:1:10:Infinity":5,"f:13:16:13:27":1,"s:14:1:14:Infinity":6,"f:17:16:17:29":2,"s:18:1:20:Infinity":7,"f:24:16:24:34":3,"s:25:1:27:Infinity":8,"f:30:16:30:36":4,"s:31:1:31:Infinity":9,"f:34:16:34:Infinity":5,"s:39:1:42:Infinity":10,"f:45:16:45:36":6,"s:46:1:46:Infinity":11,"f:50:16:50:27":7,"b:50:53:50:56":3,"b:50:64:50:68":4,"s:51:1:53:Infinity":12,"f:56:16:56:32":8,"s:57:1:57:Infinity":13,"f:60:16:60:33":9,"s:61:1:61:Infinity":14,"f:64:16:64:Infinity":10,"s:73:1:73:Infinity":15,"f:76:16:76:Infinity":11,"s:86:1:86:Infinity":16,"f:89:16:89:29":12,"s:90:1:90:Infinity":17}}}
,"/Users/hyun-in/code/acad-webview-app/src/lib/api/auth.ts": {"path":"/Users/hyun-in/code/acad-webview-app/src/lib/api/auth.ts","statementMap":{"0":{"start":{"line":16,"column":1},"end":{"line":16,"column":null}},"1":{"start":{"line":20,"column":1},"end":{"line":20,"column":null}},"2":{"start":{"line":24,"column":1},"end":{"line":24,"column":null}},"3":{"start":{"line":28,"column":1},"end":{"line":28,"column":null}},"4":{"start":{"line":32,"column":1},"end":{"line":36,"column":null}},"5":{"start":{"line":40,"column":1},"end":{"line":40,"column":null}},"6":{"start":{"line":44,"column":1},"end":{"line":44,"column":null}},"7":{"start":{"line":53,"column":1},"end":{"line":53,"column":null}},"8":{"start":{"line":57,"column":1},"end":{"line":57,"column":null}},"9":{"start":{"line":61,"column":1},"end":{"line":61,"column":null}},"10":{"start":{"line":65,"column":1},"end":{"line":65,"column":null}}},"fnMap":{"0":{"name":"sendVerification","decl":{"start":{"line":15,"column":16},"end":{"line":15,"column":33}},"loc":{"start":{"line":15,"column":64},"end":{"line":17,"column":null}},"line":15},"1":{"name":"verifyCode","decl":{"start":{"line":19,"column":16},"end":{"line":19,"column":27}},"loc":{"start":{"line":19,"column":52},"end":{"line":21,"column":null}},"line":19},"2":{"name":"signup","decl":{"start":{"line":23,"column":16},"end":{"line":23,"column":23}},"loc":{"start":{"line":23,"column":44},"end":{"line":25,"column":null}},"line":23},"3":{"name":"login","decl":{"start":{"line":27,"column":16},"end":{"line":27,"column":22}},"loc":{"start":{"line":27,"column":42},"end":{"line":29,"column":null}},"line":27},"4":{"name":"refresh","decl":{"start":{"line":31,"column":16},"end":{"line":31,"column":24}},"loc":{"start":{"line":31,"column":46},"end":{"line":37,"column":null}},"line":31},"5":{"name":"logout","decl":{"start":{"line":39,"column":16},"end":{"line":39,"column":23}},"loc":{"start":{"line":39,"column":45},"end":{"line":41,"column":null}},"line":39},"6":{"name":"getMe","decl":{"start":{"line":43,"column":16},"end":{"line":43,"column":24}},"loc":{"start":{"line":43,"column":24},"end":{"line":45,"column":null}},"line":43},"7":{"name":"updateMe","decl":{"start":{"line":47,"column":16},"end":{"line":47,"column":null}},"loc":{"start":{"line":52,"column":2},"end":{"line":54,"column":null}},"line":52},"8":{"name":"updateMyPhone","decl":{"start":{"line":56,"column":16},"end":{"line":56,"column":30}},"loc":{"start":{"line":56,"column":56},"end":{"line":58,"column":null}},"line":56},"9":{"name":"deleteMe","decl":{"start":{"line":60,"column":16},"end":{"line":60,"column":25}},"loc":{"start":{"line":60,"column":43},"end":{"line":62,"column":null}},"line":60},"10":{"name":"getMyAcademies","decl":{"start":{"line":64,"column":16},"end":{"line":64,"column":33}},"loc":{"start":{"line":64,"column":33},"end":{"line":66,"column":null}},"line":64}},"branchMap":{},"s":{"0":0,"1":0,"2":0,"3":0,"4":0,"5":0,"6":0,"7":0,"8":0,"9":0,"10":0},"f":{"0":0,"1":0,"2":0,"3":0,"4":0,"5":0,"6":0,"7":0,"8":0,"9":0,"10":0},"b":{},"meta":{"lastBranch":0,"lastFunction":11,"lastStatement":11,"seen":{"f:15:16:15:33":0,"s:16:1:16:Infinity":0,"f:19:16:19:27":1,"s:20:1:20:Infinity":1,"f:23:16:23:23":2,"s:24:1:24:Infinity":2,"f:27:16:27:22":3,"s:28:1:28:Infinity":3,"f:31:16:31:24":4,"s:32:1:36:Infinity":4,"f:39:16:39:23":5,"s:40:1:40:Infinity":5,"f:43:16:43:24":6,"s:44:1:44:Infinity":6,"f:47:16:47:Infinity":7,"s:53:1:53:Infinity":7,"f:56:16:56:30":8,"s:57:1:57:Infinity":8,"f:60:16:60:25":9,"s:61:1:61:Infinity":9,"f:64:16:64:33":10,"s:65:1:65:Infinity":10}}}
,"/Users/hyun-in/code/acad-webview-app/src/lib/api/client.ts": {"path":"/Users/hyun-in/code/acad-webview-app/src/lib/api/client.ts","statementMap":{"0":{"start":{"line":6,"column":27},"end":{"line":6,"column":null}},"1":{"start":{"line":7,"column":28},"end":{"line":7,"column":null}},"2":{"start":{"line":9,"column":19},"end":{"line":9,"column":null}},"3":{"start":{"line":10,"column":46},"end":{"line":10,"column":null}},"4":{"start":{"line":13,"column":1},"end":{"line":13,"column":null}},"5":{"start":{"line":17,"column":1},"end":{"line":17,"column":null}},"6":{"start":{"line":21,"column":1},"end":{"line":21,"column":null}},"7":{"start":{"line":22,"column":1},"end":{"line":22,"column":null}},"8":{"start":{"line":26,"column":1},"end":{"line":26,"column":null}},"9":{"start":{"line":27,"column":1},"end":{"line":27,"column":null}},"10":{"start":{"line":31,"column":22},"end":{"line":31,"column":null}},"11":{"start":{"line":32,"column":1},"end":{"line":32,"column":null}},"12":{"start":{"line":32,"column":20},"end":{"line":32,"column":null}},"13":{"start":{"line":34,"column":1},"end":{"line":52,"column":null}},"14":{"start":{"line":35,"column":14},"end":{"line":39,"column":null}},"15":{"start":{"line":41,"column":2},"end":{"line":41,"column":null}},"16":{"start":{"line":41,"column":15},"end":{"line":41,"column":null}},"17":{"start":{"line":43,"column":15},"end":{"line":43,"column":null}},"18":{"start":{"line":44,"column":16},"end":{"line":44,"column":null}},"19":{"start":{"line":45,"column":2},"end":{"line":48,"column":null}},"20":{"start":{"line":46,"column":3},"end":{"line":46,"column":null}},"21":{"start":{"line":47,"column":3},"end":{"line":47,"column":null}},"22":{"start":{"line":49,"column":2},"end":{"line":49,"column":null}},"23":{"start":{"line":51,"column":2},"end":{"line":51,"column":null}},"24":{"start":{"line":56,"column":1},"end":{"line":58,"column":null}},"25":{"start":{"line":57,"column":2},"end":{"line":57,"column":null}},"26":{"start":{"line":60,"column":1},"end":{"line":60,"column":null}},"27":{"start":{"line":61,"column":1},"end":{"line":64,"column":null}},"28":{"start":{"line":62,"column":2},"end":{"line":62,"column":null}},"29":{"start":{"line":63,"column":2},"end":{"line":63,"column":null}},"30":{"start":{"line":66,"column":1},"end":{"line":66,"column":null}},"31":{"start":{"line":78,"column":82},"end":{"line":78,"column":null}},"32":{"start":{"line":80,"column":48},"end":{"line":82,"column":null}},"33":{"start":{"line":84,"column":1},"end":{"line":86,"column":null}},"34":{"start":{"line":85,"column":2},"end":{"line":85,"column":null}},"35":{"start":{"line":88,"column":1},"end":{"line":93,"column":null}},"36":{"start":{"line":89,"column":16},"end":{"line":89,"column":null}},"37":{"start":{"line":90,"column":2},"end":{"line":92,"column":null}},"38":{"start":{"line":91,"column":3},"end":{"line":91,"column":null}},"39":{"start":{"line":95,"column":35},"end":{"line":98,"column":null}},"40":{"start":{"line":100,"column":1},"end":{"line":102,"column":null}},"41":{"start":{"line":101,"column":2},"end":{"line":101,"column":null}},"42":{"start":{"line":104,"column":11},"end":{"line":104,"column":null}},"43":{"start":{"line":106,"column":1},"end":{"line":124,"column":null}},"44":{"start":{"line":107,"column":20},"end":{"line":107,"column":null}},"45":{"start":{"line":108,"column":2},"end":{"line":123,"column":null}},"46":{"start":{"line":109,"column":20},"end":{"line":109,"column":null}},"47":{"start":{"line":110,"column":3},"end":{"line":112,"column":null}},"48":{"start":{"line":111,"column":4},"end":{"line":111,"column":null}},"49":{"start":{"line":113,"column":3},"end":{"line":116,"column":null}},"50":{"start":{"line":118,"column":3},"end":{"line":118,"column":null}},"51":{"start":{"line":119,"column":3},"end":{"line":121,"column":null}},"52":{"start":{"line":120,"column":4},"end":{"line":120,"column":null}},"53":{"start":{"line":122,"column":3},"end":{"line":122,"column":null}},"54":{"start":{"line":126,"column":1},"end":{"line":138,"column":null}},"55":{"start":{"line":127,"column":16},"end":{"line":127,"column":null}},"56":{"start":{"line":128,"column":2},"end":{"line":133,"column":null}},"57":{"start":{"line":129,"column":21},"end":{"line":129,"column":null}},"58":{"start":{"line":130,"column":3},"end":{"line":130,"column":null}},"59":{"start":{"line":134,"column":2},"end":{"line":136,"column":null}},"60":{"start":{"line":135,"column":3},"end":{"line":135,"column":null}},"61":{"start":{"line":137,"column":2},"end":{"line":137,"column":null}},"62":{"start":{"line":140,"column":14},"end":{"line":140,"column":null}},"63":{"start":{"line":143,"column":1},"end":{"line":150,"column":null}},"64":{"start":{"line":144,"column":16},"end":{"line":144,"column":null}},"65":{"start":{"line":145,"column":2},"end":{"line":149,"column":null}},"66":{"start":{"line":152,"column":1},"end":{"line":152,"column":null}},"67":{"start":{"line":156,"column":1},"end":{"line":156,"column":null}},"68":{"start":{"line":160,"column":1},"end":{"line":160,"column":null}},"69":{"start":{"line":164,"column":1},"end":{"line":164,"column":null}},"70":{"start":{"line":168,"column":1},"end":{"line":168,"column":null}},"71":{"start":{"line":172,"column":1},"end":{"line":172,"column":null}}},"fnMap":{"0":{"name":"getAccessToken","decl":{"start":{"line":12,"column":16},"end":{"line":12,"column":48}},"loc":{"start":{"line":12,"column":48},"end":{"line":14,"column":null}},"line":12},"1":{"name":"getRefreshToken","decl":{"start":{"line":16,"column":16},"end":{"line":16,"column":49}},"loc":{"start":{"line":16,"column":49},"end":{"line":18,"column":null}},"line":16},"2":{"name":"setTokens","decl":{"start":{"line":20,"column":16},"end":{"line":20,"column":26}},"loc":{"start":{"line":20,"column":75},"end":{"line":23,"column":null}},"line":20},"3":{"name":"clearTokens","decl":{"start":{"line":25,"column":16},"end":{"line":25,"column":36}},"loc":{"start":{"line":25,"column":36},"end":{"line":28,"column":null}},"line":25},"4":{"name":"refreshAccessToken","decl":{"start":{"line":30,"column":15},"end":{"line":30,"column":54}},"loc":{"start":{"line":30,"column":54},"end":{"line":53,"column":null}},"line":30},"5":{"name":"handleTokenRefresh","decl":{"start":{"line":55,"column":15},"end":{"line":55,"column":54}},"loc":{"start":{"line":55,"column":54},"end":{"line":67,"column":null}},"line":55},"6":{"name":"(anonymous_6)","decl":{"start":{"line":61,"column":47},"end":{"line":61,"column":53}},"loc":{"start":{"line":61,"column":53},"end":{"line":64,"column":2}},"line":61},"7":{"name":"apiRequest","decl":{"start":{"line":77,"column":22},"end":{"line":77,"column":36}},"loc":{"start":{"line":77,"column":96},"end":{"line":153,"column":null}},"line":77},"8":{"name":"get","decl":{"start":{"line":155,"column":16},"end":{"line":155,"column":23}},"loc":{"start":{"line":155,"column":71},"end":{"line":157,"column":null}},"line":155},"9":{"name":"post","decl":{"start":{"line":159,"column":16},"end":{"line":159,"column":24}},"loc":{"start":{"line":159,"column":88},"end":{"line":161,"column":null}},"line":159},"10":{"name":"patch","decl":{"start":{"line":163,"column":16},"end":{"line":163,"column":25}},"loc":{"start":{"line":163,"column":71},"end":{"line":165,"column":null}},"line":163},"11":{"name":"del","decl":{"start":{"line":167,"column":16},"end":{"line":167,"column":23}},"loc":{"start":{"line":167,"column":69},"end":{"line":169,"column":null}},"line":167},"12":{"name":"upload","decl":{"start":{"line":171,"column":16},"end":{"line":171,"column":26}},"loc":{"start":{"line":171,"column":76},"end":{"line":173,"column":null}},"line":171}},"branchMap":{"0":{"loc":{"start":{"line":32,"column":1},"end":{"line":32,"column":null}},"type":"if","locations":[{"start":{"line":32,"column":1},"end":{"line":32,"column":null}},{"start":{},"end":{}}],"line":32},"1":{"loc":{"start":{"line":41,"column":2},"end":{"line":41,"column":null}},"type":"if","locations":[{"start":{"line":41,"column":2},"end":{"line":41,"column":null}},{"start":{},"end":{}}],"line":41},"2":{"loc":{"start":{"line":45,"column":2},"end":{"line":48,"column":null}},"type":"if","locations":[{"start":{"line":45,"column":2},"end":{"line":48,"column":null}},{"start":{},"end":{}}],"line":45},"3":{"loc":{"start":{"line":45,"column":6},"end":{"line":45,"column":63}},"type":"binary-expr","locations":[{"start":{"line":45,"column":6},"end":{"line":45,"column":44}},{"start":{"line":45,"column":44},"end":{"line":45,"column":63}}],"line":45},"4":{"loc":{"start":{"line":56,"column":1},"end":{"line":58,"column":null}},"type":"if","locations":[{"start":{"line":56,"column":1},"end":{"line":58,"column":null}},{"start":{},"end":{}}],"line":56},"5":{"loc":{"start":{"line":56,"column":5},"end":{"line":56,"column":37}},"type":"binary-expr","locations":[{"start":{"line":56,"column":5},"end":{"line":56,"column":21}},{"start":{"line":56,"column":21},"end":{"line":56,"column":37}}],"line":56},"6":{"loc":{"start":{"line":77,"column":54},"end":{"line":77,"column":96}},"type":"default-arg","locations":[{"start":{"line":77,"column":80},"end":{"line":77,"column":96}}],"line":77},"7":{"loc":{"start":{"line":78,"column":9},"end":{"line":78,"column":25}},"type":"default-arg","locations":[{"start":{"line":78,"column":18},"end":{"line":78,"column":25}}],"line":78},"8":{"loc":{"start":{"line":78,"column":31},"end":{"line":78,"column":45}},"type":"default-arg","locations":[{"start":{"line":78,"column":41},"end":{"line":78,"column":45}}],"line":78},"9":{"loc":{"start":{"line":78,"column":45},"end":{"line":78,"column":63}},"type":"default-arg","locations":[{"start":{"line":78,"column":56},"end":{"line":78,"column":63}}],"line":78},"10":{"loc":{"start":{"line":78,"column":63},"end":{"line":78,"column":78}},"type":"default-arg","locations":[{"start":{"line":78,"column":72},"end":{"line":78,"column":78}}],"line":78},"11":{"loc":{"start":{"line":84,"column":1},"end":{"line":86,"column":null}},"type":"if","locations":[{"start":{"line":84,"column":1},"end":{"line":86,"column":null}},{"start":{},"end":{}}],"line":84},"12":{"loc":{"start":{"line":84,"column":5},"end":{"line":84,"column":42}},"type":"binary-expr","locations":[{"start":{"line":84,"column":5},"end":{"line":84,"column":13}},{"start":{"line":84,"column":13},"end":{"line":84,"column":42}}],"line":84},"13":{"loc":{"start":{"line":88,"column":1},"end":{"line":93,"column":null}},"type":"if","locations":[{"start":{"line":88,"column":1},"end":{"line":93,"column":null}},{"start":{},"end":{}}],"line":88},"14":{"loc":{"start":{"line":90,"column":2},"end":{"line":92,"column":null}},"type":"if","locations":[{"start":{"line":90,"column":2},"end":{"line":92,"column":null}},{"start":{},"end":{}}],"line":90},"15":{"loc":{"start":{"line":100,"column":1},"end":{"line":102,"column":null}},"type":"if","locations":[{"start":{"line":100,"column":1},"end":{"line":102,"column":null}},{"start":{},"end":{}}],"line":100},"16":{"loc":{"start":{"line":101,"column":22},"end":{"line":101,"column":null}},"type":"cond-expr","locations":[{"start":{"line":101,"column":49},"end":{"line":101,"column":56}},{"start":{"line":101,"column":56},"end":{"line":101,"column":null}}],"line":101},"17":{"loc":{"start":{"line":106,"column":1},"end":{"line":124,"column":null}},"type":"if","locations":[{"start":{"line":106,"column":1},"end":{"line":124,"column":null}},{"start":{},"end":{}}],"line":106},"18":{"loc":{"start":{"line":106,"column":5},"end":{"line":106,"column":38}},"type":"binary-expr","locations":[{"start":{"line":106,"column":5},"end":{"line":106,"column":27}},{"start":{"line":106,"column":27},"end":{"line":106,"column":38}}],"line":106},"19":{"loc":{"start":{"line":108,"column":2},"end":{"line":123,"column":null}},"type":"if","locations":[{"start":{"line":108,"column":2},"end":{"line":123,"column":null}},{"start":{"line":117,"column":9},"end":{"line":123,"column":null}}],"line":108},"20":{"loc":{"start":{"line":110,"column":3},"end":{"line":112,"column":null}},"type":"if","locations":[{"start":{"line":110,"column":3},"end":{"line":112,"column":null}},{"start":{},"end":{}}],"line":110},"21":{"loc":{"start":{"line":119,"column":3},"end":{"line":121,"column":null}},"type":"if","locations":[{"start":{"line":119,"column":3},"end":{"line":121,"column":null}},{"start":{},"end":{}}],"line":119},"22":{"loc":{"start":{"line":119,"column":7},"end":{"line":119,"column":88}},"type":"binary-expr","locations":[{"start":{"line":119,"column":7},"end":{"line":119,"column":40}},{"start":{"line":119,"column":40},"end":{"line":119,"column":88}}],"line":119},"23":{"loc":{"start":{"line":126,"column":1},"end":{"line":138,"column":null}},"type":"if","locations":[{"start":{"line":126,"column":1},"end":{"line":138,"column":null}},{"start":{},"end":{}}],"line":126},"24":{"loc":{"start":{"line":130,"column":13},"end":{"line":130,"column":null}},"type":"binary-expr","locations":[{"start":{"line":130,"column":13},"end":{"line":130,"column":57}},{"start":{"line":130,"column":57},"end":{"line":130,"column":78}},{"start":{"line":130,"column":78},"end":{"line":130,"column":null}}],"line":130},"25":{"loc":{"start":{"line":134,"column":2},"end":{"line":136,"column":null}},"type":"if","locations":[{"start":{"line":134,"column":2},"end":{"line":136,"column":null}},{"start":{},"end":{}}],"line":134},"26":{"loc":{"start":{"line":134,"column":6},"end":{"line":134,"column":37}},"type":"binary-expr","locations":[{"start":{"line":134,"column":6},"end":{"line":134,"column":17}},{"start":{"line":134,"column":17},"end":{"line":134,"column":37}}],"line":134},"27":{"loc":{"start":{"line":143,"column":1},"end":{"line":150,"column":null}},"type":"if","locations":[{"start":{"line":143,"column":1},"end":{"line":150,"column":null}},{"start":{},"end":{}}],"line":143},"28":{"loc":{"start":{"line":147,"column":12},"end":{"line":147,"column":null}},"type":"binary-expr","locations":[{"start":{"line":147,"column":12},"end":{"line":147,"column":36}},{"start":{"line":147,"column":36},"end":{"line":147,"column":61}},{"start":{"line":147,"column":61},"end":{"line":147,"column":null}}],"line":147},"29":{"loc":{"start":{"line":155,"column":41},"end":{"line":155,"column":71}},"type":"default-arg","locations":[{"start":{"line":155,"column":52},"end":{"line":155,"column":71}}],"line":155},"30":{"loc":{"start":{"line":159,"column":58},"end":{"line":159,"column":88}},"type":"default-arg","locations":[{"start":{"line":159,"column":69},"end":{"line":159,"column":88}}],"line":159}},"s":{"0":1,"1":1,"2":1,"3":1,"4":1,"5":0,"6":0,"7":0,"8":0,"9":0,"10":0,"11":0,"12":0,"13":0,"14":0,"15":0,"16":0,"17":0,"18":0,"19":0,"20":0,"21":0,"22":0,"23":0,"24":0,"25":0,"26":0,"27":0,"28":0,"29":0,"30":0,"31":0,"32":0,"33":0,"34":0,"35":0,"36":0,"37":0,"38":0,"39":0,"40":0,"41":0,"42":0,"43":0,"44":0,"45":0,"46":0,"47":0,"48":0,"49":0,"50":0,"51":0,"52":0,"53":0,"54":0,"55":0,"56":0,"57":0,"58":0,"59":0,"60":0,"61":0,"62":0,"63":0,"64":0,"65":0,"66":0,"67":0,"68":0,"69":0,"70":0,"71":0},"f":{"0":1,"1":0,"2":0,"3":0,"4":0,"5":0,"6":0,"7":0,"8":0,"9":0,"10":0,"11":0,"12":0},"b":{"0":[0,0],"1":[0,0],"2":[0,0],"3":[0,0],"4":[0,0],"5":[0,0],"6":[0],"7":[0],"8":[0],"9":[0],"10":[0],"11":[0,0],"12":[0,0],"13":[0,0],"14":[0,0],"15":[0,0],"16":[0,0],"17":[0,0],"18":[0,0],"19":[0,0],"20":[0,0],"21":[0,0],"22":[0,0],"23":[0,0],"24":[0,0,0],"25":[0,0],"26":[0,0],"27":[0,0],"28":[0,0,0],"29":[0],"30":[0]},"meta":{"lastBranch":31,"lastFunction":13,"lastStatement":72,"seen":{"s:6:27:6:Infinity":0,"s:7:28:7:Infinity":1,"s:9:19:9:Infinity":2,"s:10:46:10:Infinity":3,"f:12:16:12:48":0,"s:13:1:13:Infinity":4,"f:16:16:16:49":1,"s:17:1:17:Infinity":5,"f:20:16:20:26":2,"s:21:1:21:Infinity":6,"s:22:1:22:Infinity":7,"f:25:16:25:36":3,"s:26:1:26:Infinity":8,"s:27:1:27:Infinity":9,"f:30:15:30:54":4,"s:31:22:31:Infinity":10,"b:32:1:32:Infinity:undefined:undefined:undefined:undefined":0,"s:32:1:32:Infinity":11,"s:32:20:32:Infinity":12,"s:34:1:52:Infinity":13,"s:35:14:39:Infinity":14,"b:41:2:41:Infinity:undefined:undefined:undefined:undefined":1,"s:41:2:41:Infinity":15,"s:41:15:41:Infinity":16,"s:43:15:43:Infinity":17,"s:44:16:44:Infinity":18,"b:45:2:48:Infinity:undefined:undefined:undefined:undefined":2,"s:45:2:48:Infinity":19,"b:45:6:45:44:45:44:45:63":3,"s:46:3:46:Infinity":20,"s:47:3:47:Infinity":21,"s:49:2:49:Infinity":22,"s:51:2:51:Infinity":23,"f:55:15:55:54":5,"b:56:1:58:Infinity:undefined:undefined:undefined:undefined":4,"s:56:1:58:Infinity":24,"b:56:5:56:21:56:21:56:37":5,"s:57:2:57:Infinity":25,"s:60:1:60:Infinity":26,"s:61:1:64:Infinity":27,"f:61:47:61:53":6,"s:62:2:62:Infinity":28,"s:63:2:63:Infinity":29,"s:66:1:66:Infinity":30,"f:77:22:77:36":7,"b:77:80:77:96":6,"s:78:82:78:Infinity":31,"b:78:18:78:25":7,"b:78:41:78:45":8,"b:78:56:78:63":9,"b:78:72:78:78":10,"s:80:48:82:Infinity":32,"b:84:1:86:Infinity:undefined:undefined:undefined:undefined":11,"s:84:1:86:Infinity":33,"b:84:5:84:13:84:13:84:42":12,"s:85:2:85:Infinity":34,"b:88:1:93:Infinity:undefined:undefined:undefined:undefined":13,"s:88:1:93:Infinity":35,"s:89:16:89:Infinity":36,"b:90:2:92:Infinity:undefined:undefined:undefined:undefined":14,"s:90:2:92:Infinity":37,"s:91:3:91:Infinity":38,"s:95:35:98:Infinity":39,"b:100:1:102:Infinity:undefined:undefined:undefined:undefined":15,"s:100:1:102:Infinity":40,"s:101:2:101:Infinity":41,"b:101:49:101:56:101:56:101:Infinity":16,"s:104:11:104:Infinity":42,"b:106:1:124:Infinity:undefined:undefined:undefined:undefined":17,"s:106:1:124:Infinity":43,"b:106:5:106:27:106:27:106:38":18,"s:107:20:107:Infinity":44,"b:108:2:123:Infinity:117:9:123:Infinity":19,"s:108:2:123:Infinity":45,"s:109:20:109:Infinity":46,"b:110:3:112:Infinity:undefined:undefined:undefined:undefined":20,"s:110:3:112:Infinity":47,"s:111:4:111:Infinity":48,"s:113:3:116:Infinity":49,"s:118:3:118:Infinity":50,"b:119:3:121:Infinity:undefined:undefined:undefined:undefined":21,"s:119:3:121:Infinity":51,"b:119:7:119:40:119:40:119:88":22,"s:120:4:120:Infinity":52,"s:122:3:122:Infinity":53,"b:126:1:138:Infinity:undefined:undefined:undefined:undefined":23,"s:126:1:138:Infinity":54,"s:127:16:127:Infinity":55,"s:128:2:133:Infinity":56,"s:129:21:129:Infinity":57,"s:130:3:130:Infinity":58,"b:130:13:130:57:130:57:130:78:130:78:130:Infinity":24,"b:134:2:136:Infinity:undefined:undefined:undefined:undefined":25,"s:134:2:136:Infinity":59,"b:134:6:134:17:134:17:134:37":26,"s:135:3:135:Infinity":60,"s:137:2:137:Infinity":61,"s:140:14:140:Infinity":62,"b:143:1:150:Infinity:undefined:undefined:undefined:undefined":27,"s:143:1:150:Infinity":63,"s:144:16:144:Infinity":64,"s:145:2:149:Infinity":65,"b:147:12:147:36:147:36:147:61:147:61:147:Infinity":28,"s:152:1:152:Infinity":66,"f:155:16:155:23":8,"b:155:52:155:71":29,"s:156:1:156:Infinity":67,"f:159:16:159:24":9,"b:159:69:159:88":30,"s:160:1:160:Infinity":68,"f:163:16:163:25":10,"s:164:1:164:Infinity":69,"f:167:16:167:23":11,"s:168:1:168:Infinity":70,"f:171:16:171:26":12,"s:172:1:172:Infinity":71}}}
,"/Users/hyun-in/code/acad-webview-app/src/lib/api/ensemble.ts": {"path":"/Users/hyun-in/code/acad-webview-app/src/lib/api/ensemble.ts","statementMap":{"0":{"start":{"line":15,"column":13},"end":{"line":15,"column":null}},"1":{"start":{"line":15,"column":36},"end":{"line":15,"column":null}},"2":{"start":{"line":18,"column":16},"end":{"line":18,"column":null}},"3":{"start":{"line":19,"column":1},"end":{"line":19,"column":null}},"4":{"start":{"line":19,"column":13},"end":{"line":19,"column":null}},"5":{"start":{"line":20,"column":1},"end":{"line":20,"column":null}},"6":{"start":{"line":21,"column":1},"end":{"line":21,"column":null}},"7":{"start":{"line":22,"column":1},"end":{"line":24,"column":null}},"8":{"start":{"line":28,"column":1},"end":{"line":28,"column":null}},"9":{"start":{"line":32,"column":1},"end":{"line":32,"column":null}},"10":{"start":{"line":36,"column":1},"end":{"line":36,"column":null}},"11":{"start":{"line":44,"column":1},"end":{"line":44,"column":null}},"12":{"start":{"line":48,"column":1},"end":{"line":48,"column":null}},"13":{"start":{"line":52,"column":1},"end":{"line":52,"column":null}},"14":{"start":{"line":61,"column":1},"end":{"line":61,"column":null}},"15":{"start":{"line":65,"column":1},"end":{"line":65,"column":null}},"16":{"start":{"line":69,"column":1},"end":{"line":69,"column":null}},"17":{"start":{"line":73,"column":1},"end":{"line":73,"column":null}},"18":{"start":{"line":77,"column":1},"end":{"line":77,"column":null}},"19":{"start":{"line":81,"column":1},"end":{"line":81,"column":null}}},"fnMap":{"0":{"name":"(anonymous_0)","decl":{"start":{"line":15,"column":13},"end":{"line":15,"column":14}},"loc":{"start":{"line":15,"column":36},"end":{"line":15,"column":null}},"line":15},"1":{"name":"getEnsembles","decl":{"start":{"line":17,"column":16},"end":{"line":17,"column":29}},"loc":{"start":{"line":17,"column":95},"end":{"line":25,"column":null}},"line":17},"2":{"name":"getMyEnsembles","decl":{"start":{"line":27,"column":16},"end":{"line":27,"column":31}},"loc":{"start":{"line":27,"column":50},"end":{"line":29,"column":null}},"line":27},"3":{"name":"getEnsembleDetail","decl":{"start":{"line":31,"column":16},"end":{"line":31,"column":34}},"loc":{"start":{"line":31,"column":70},"end":{"line":33,"column":null}},"line":31},"4":{"name":"createEnsemble","decl":{"start":{"line":35,"column":16},"end":{"line":35,"column":31}},"loc":{"start":{"line":35,"column":79},"end":{"line":37,"column":null}},"line":35},"5":{"name":"updateEnsemble","decl":{"start":{"line":39,"column":16},"end":{"line":39,"column":null}},"loc":{"start":{"line":43,"column":2},"end":{"line":45,"column":null}},"line":43},"6":{"name":"deleteEnsemble","decl":{"start":{"line":47,"column":16},"end":{"line":47,"column":31}},"loc":{"start":{"line":47,"column":67},"end":{"line":49,"column":null}},"line":47},"7":{"name":"applyToEnsemble","decl":{"start":{"line":51,"column":16},"end":{"line":51,"column":32}},"loc":{"start":{"line":51,"column":96},"end":{"line":53,"column":null}},"line":51},"8":{"name":"acceptMember","decl":{"start":{"line":55,"column":16},"end":{"line":55,"column":null}},"loc":{"start":{"line":60,"column":2},"end":{"line":62,"column":null}},"line":60},"9":{"name":"rejectMember","decl":{"start":{"line":64,"column":16},"end":{"line":64,"column":29}},"loc":{"start":{"line":64,"column":83},"end":{"line":66,"column":null}},"line":64},"10":{"name":"leaveEnsemble","decl":{"start":{"line":68,"column":16},"end":{"line":68,"column":30}},"loc":{"start":{"line":68,"column":66},"end":{"line":70,"column":null}},"line":68},"11":{"name":"getComments","decl":{"start":{"line":72,"column":16},"end":{"line":72,"column":28}},"loc":{"start":{"line":72,"column":64},"end":{"line":74,"column":null}},"line":72},"12":{"name":"createComment","decl":{"start":{"line":76,"column":16},"end":{"line":76,"column":30}},"loc":{"start":{"line":76,"column":94},"end":{"line":78,"column":null}},"line":76},"13":{"name":"deleteComment","decl":{"start":{"line":80,"column":16},"end":{"line":80,"column":30}},"loc":{"start":{"line":80,"column":85},"end":{"line":82,"column":null}},"line":80}},"branchMap":{"0":{"loc":{"start":{"line":17,"column":73},"end":{"line":17,"column":83}},"type":"default-arg","locations":[{"start":{"line":17,"column":80},"end":{"line":17,"column":83}}],"line":17},"1":{"loc":{"start":{"line":17,"column":83},"end":{"line":17,"column":95}},"type":"default-arg","locations":[{"start":{"line":17,"column":91},"end":{"line":17,"column":95}}],"line":17},"2":{"loc":{"start":{"line":19,"column":1},"end":{"line":19,"column":null}},"type":"if","locations":[{"start":{"line":19,"column":1},"end":{"line":19,"column":null}},{"start":{},"end":{}}],"line":19}},"s":{"0":1,"1":1,"2":1,"3":0,"4":0,"5":0,"6":0,"7":0,"8":0,"9":0,"10":0,"11":0,"12":0,"13":0,"14":0,"15":0,"16":0,"17":0,"18":0,"19":0},"f":{"0":1,"1":1,"2":0,"3":0,"4":0,"5":0,"6":0,"7":0,"8":0,"9":0,"10":0,"11":0,"12":0,"13":0},"b":{"0":[1],"1":[1],"2":[0,0]},"meta":{"lastBranch":3,"lastFunction":14,"lastStatement":20,"seen":{"s:15:13:15:Infinity":0,"f:15:13:15:14":0,"s:15:36:15:Infinity":1,"f:17:16:17:29":1,"b:17:80:17:83":0,"b:17:91:17:95":1,"s:18:16:18:Infinity":2,"b:19:1:19:Infinity:undefined:undefined:undefined:undefined":2,"s:19:1:19:Infinity":3,"s:19:13:19:Infinity":4,"s:20:1:20:Infinity":5,"s:21:1:21:Infinity":6,"s:22:1:24:Infinity":7,"f:27:16:27:31":2,"s:28:1:28:Infinity":8,"f:31:16:31:34":3,"s:32:1:32:Infinity":9,"f:35:16:35:31":4,"s:36:1:36:Infinity":10,"f:39:16:39:Infinity":5,"s:44:1:44:Infinity":11,"f:47:16:47:31":6,"s:48:1:48:Infinity":12,"f:51:16:51:32":7,"s:52:1:52:Infinity":13,"f:55:16:55:Infinity":8,"s:61:1:61:Infinity":14,"f:64:16:64:29":9,"s:65:1:65:Infinity":15,"f:68:16:68:30":10,"s:69:1:69:Infinity":16,"f:72:16:72:28":11,"s:73:1:73:Infinity":17,"f:76:16:76:30":12,"s:77:1:77:Infinity":18,"f:80:16:80:30":13,"s:81:1:81:Infinity":19}}}
,"/Users/hyun-in/code/acad-webview-app/src/lib/api/member.ts": {"path":"/Users/hyun-in/code/acad-webview-app/src/lib/api/member.ts","statementMap":{"0":{"start":{"line":24,"column":1},"end":{"line":26,"column":null}},"1":{"start":{"line":38,"column":16},"end":{"line":38,"column":null}},"2":{"start":{"line":39,"column":1},"end":{"line":39,"column":null}},"3":{"start":{"line":39,"column":13},"end":{"line":39,"column":null}},"4":{"start":{"line":40,"column":1},"end":{"line":40,"column":null}},"5":{"start":{"line":41,"column":1},"end":{"line":41,"column":null}},"6":{"start":{"line":41,"column":13},"end":{"line":41,"column":null}},"7":{"start":{"line":42,"column":1},"end":{"line":42,"column":null}},"8":{"start":{"line":42,"column":11},"end":{"line":42,"column":null}},"9":{"start":{"line":43,"column":1},"end":{"line":43,"column":null}},"10":{"start":{"line":43,"column":17},"end":{"line":43,"column":null}},"11":{"start":{"line":44,"column":1},"end":{"line":44,"column":null}},"12":{"start":{"line":44,"column":19},"end":{"line":44,"column":null}},"13":{"start":{"line":45,"column":1},"end":{"line":47,"column":null}},"14":{"start":{"line":51,"column":1},"end":{"line":51,"column":null}},"15":{"start":{"line":55,"column":1},"end":{"line":55,"column":null}},"16":{"start":{"line":59,"column":1},"end":{"line":62,"column":null}},"17":{"start":{"line":67,"column":1},"end":{"line":69,"column":null}},"18":{"start":{"line":73,"column":1},"end":{"line":75,"column":null}},"19":{"start":{"line":79,"column":1},"end":{"line":79,"column":null}},"20":{"start":{"line":87,"column":1},"end":{"line":90,"column":null}},"21":{"start":{"line":94,"column":1},"end":{"line":94,"column":null}},"22":{"start":{"line":103,"column":1},"end":{"line":105,"column":null}},"23":{"start":{"line":110,"column":1},"end":{"line":112,"column":null}},"24":{"start":{"line":116,"column":1},"end":{"line":116,"column":null}},"25":{"start":{"line":120,"column":1},"end":{"line":123,"column":null}},"26":{"start":{"line":127,"column":1},"end":{"line":127,"column":null}},"27":{"start":{"line":132,"column":1},"end":{"line":132,"column":null}},"28":{"start":{"line":136,"column":1},"end":{"line":138,"column":null}},"29":{"start":{"line":142,"column":1},"end":{"line":145,"column":null}},"30":{"start":{"line":154,"column":1},"end":{"line":157,"column":null}},"31":{"start":{"line":161,"column":1},"end":{"line":163,"column":null}},"32":{"start":{"line":168,"column":1},"end":{"line":170,"column":null}},"33":{"start":{"line":174,"column":1},"end":{"line":176,"column":null}},"34":{"start":{"line":184,"column":1},"end":{"line":187,"column":null}},"35":{"start":{"line":191,"column":1},"end":{"line":194,"column":null}}},"fnMap":{"0":{"name":"joinAcademy","decl":{"start":{"line":23,"column":16},"end":{"line":23,"column":28}},"loc":{"start":{"line":23,"column":66},"end":{"line":27,"column":null}},"line":23},"1":{"name":"getMembers","decl":{"start":{"line":29,"column":16},"end":{"line":29,"column":null}},"loc":{"start":{"line":37,"column":2},"end":{"line":48,"column":null}},"line":37},"2":{"name":"getMemberDetail","decl":{"start":{"line":50,"column":16},"end":{"line":50,"column":32}},"loc":{"start":{"line":50,"column":69},"end":{"line":52,"column":null}},"line":50},"3":{"name":"getMyMembership","decl":{"start":{"line":54,"column":16},"end":{"line":54,"column":32}},"loc":{"start":{"line":54,"column":51},"end":{"line":56,"column":null}},"line":54},"4":{"name":"updateMember","decl":{"start":{"line":58,"column":16},"end":{"line":58,"column":29}},"loc":{"start":{"line":58,"column":93},"end":{"line":63,"column":null}},"line":58},"5":{"name":"getInstructors","decl":{"start":{"line":66,"column":16},"end":{"line":66,"column":31}},"loc":{"start":{"line":66,"column":50},"end":{"line":70,"column":null}},"line":66},"6":{"name":"getInstructorDetail","decl":{"start":{"line":72,"column":16},"end":{"line":72,"column":36}},"loc":{"start":{"line":72,"column":77},"end":{"line":76,"column":null}},"line":72},"7":{"name":"createInstructor","decl":{"start":{"line":78,"column":16},"end":{"line":78,"column":33}},"loc":{"start":{"line":78,"column":83},"end":{"line":80,"column":null}},"line":78},"8":{"name":"updateInstructor","decl":{"start":{"line":82,"column":16},"end":{"line":82,"column":null}},"loc":{"start":{"line":86,"column":2},"end":{"line":91,"column":null}},"line":86},"9":{"name":"deleteInstructor","decl":{"start":{"line":93,"column":16},"end":{"line":93,"column":33}},"loc":{"start":{"line":93,"column":74},"end":{"line":95,"column":null}},"line":93},"10":{"name":"getInstructorStats","decl":{"start":{"line":97,"column":16},"end":{"line":97,"column":null}},"loc":{"start":{"line":102,"column":2},"end":{"line":106,"column":null}},"line":102},"11":{"name":"getPassTypes","decl":{"start":{"line":109,"column":16},"end":{"line":109,"column":29}},"loc":{"start":{"line":109,"column":48},"end":{"line":113,"column":null}},"line":109},"12":{"name":"createPassType","decl":{"start":{"line":115,"column":16},"end":{"line":115,"column":31}},"loc":{"start":{"line":115,"column":79},"end":{"line":117,"column":null}},"line":115},"13":{"name":"updatePassType","decl":{"start":{"line":119,"column":16},"end":{"line":119,"column":31}},"loc":{"start":{"line":119,"column":99},"end":{"line":124,"column":null}},"line":119},"14":{"name":"deletePassType","decl":{"start":{"line":126,"column":16},"end":{"line":126,"column":31}},"loc":{"start":{"line":126,"column":70},"end":{"line":128,"column":null}},"line":126},"15":{"name":"getMyPasses","decl":{"start":{"line":131,"column":16},"end":{"line":131,"column":28}},"loc":{"start":{"line":131,"column":47},"end":{"line":133,"column":null}},"line":131},"16":{"name":"getMemberPasses","decl":{"start":{"line":135,"column":16},"end":{"line":135,"column":32}},"loc":{"start":{"line":135,"column":69},"end":{"line":139,"column":null}},"line":135},"17":{"name":"createMemberPass","decl":{"start":{"line":141,"column":16},"end":{"line":141,"column":33}},"loc":{"start":{"line":141,"column":95},"end":{"line":146,"column":null}},"line":141},"18":{"name":"updateMemberPass","decl":{"start":{"line":148,"column":16},"end":{"line":148,"column":null}},"loc":{"start":{"line":153,"column":2},"end":{"line":158,"column":null}},"line":153},"19":{"name":"deleteMemberPass","decl":{"start":{"line":160,"column":16},"end":{"line":160,"column":33}},"loc":{"start":{"line":160,"column":86},"end":{"line":164,"column":null}},"line":160},"20":{"name":"getMyDrinkTickets","decl":{"start":{"line":167,"column":16},"end":{"line":167,"column":34}},"loc":{"start":{"line":167,"column":53},"end":{"line":171,"column":null}},"line":167},"21":{"name":"getMemberDrinkTickets","decl":{"start":{"line":173,"column":16},"end":{"line":173,"column":38}},"loc":{"start":{"line":173,"column":57},"end":{"line":177,"column":null}},"line":173},"22":{"name":"createDrinkTicket","decl":{"start":{"line":179,"column":16},"end":{"line":179,"column":null}},"loc":{"start":{"line":183,"column":2},"end":{"line":188,"column":null}},"line":183},"23":{"name":"useDrinkTicket","decl":{"start":{"line":190,"column":16},"end":{"line":190,"column":31}},"loc":{"start":{"line":190,"column":82},"end":{"line":195,"column":null}},"line":190}},"branchMap":{"0":{"loc":{"start":{"line":25,"column":19},"end":{"line":25,"column":null}},"type":"binary-expr","locations":[{"start":{"line":25,"column":19},"end":{"line":25,"column":31}},{"start":{"line":25,"column":31},"end":{"line":25,"column":null}}],"line":25},"1":{"loc":{"start":{"line":32,"column":1},"end":{"line":32,"column":null}},"type":"default-arg","locations":[{"start":{"line":32,"column":9},"end":{"line":32,"column":null}}],"line":32},"2":{"loc":{"start":{"line":39,"column":1},"end":{"line":39,"column":null}},"type":"if","locations":[{"start":{"line":39,"column":1},"end":{"line":39,"column":null}},{"start":{},"end":{}}],"line":39},"3":{"loc":{"start":{"line":41,"column":1},"end":{"line":41,"column":null}},"type":"if","locations":[{"start":{"line":41,"column":1},"end":{"line":41,"column":null}},{"start":{},"end":{}}],"line":41},"4":{"loc":{"start":{"line":42,"column":1},"end":{"line":42,"column":null}},"type":"if","locations":[{"start":{"line":42,"column":1},"end":{"line":42,"column":null}},{"start":{},"end":{}}],"line":42},"5":{"loc":{"start":{"line":43,"column":1},"end":{"line":43,"column":null}},"type":"if","locations":[{"start":{"line":43,"column":1},"end":{"line":43,"column":null}},{"start":{},"end":{}}],"line":43},"6":{"loc":{"start":{"line":44,"column":1},"end":{"line":44,"column":null}},"type":"if","locations":[{"start":{"line":44,"column":1},"end":{"line":44,"column":null}},{"start":{},"end":{}}],"line":44},"7":{"loc":{"start":{"line":190,"column":68},"end":{"line":190,"column":82}},"type":"default-arg","locations":[{"start":{"line":190,"column":79},"end":{"line":190,"column":82}}],"line":190}},"s":{"0":0,"1":0,"2":0,"3":0,"4":0,"5":0,"6":0,"7":0,"8":0,"9":0,"10":0,"11":0,"12":0,"13":0,"14":0,"15":0,"16":0,"17":0,"18":0,"19":0,"20":0,"21":0,"22":0,"23":0,"24":0,"25":0,"26":0,"27":0,"28":0,"29":0,"30":0,"31":0,"32":0,"33":0,"34":0,"35":0},"f":{"0":0,"1":0,"2":0,"3":0,"4":0,"5":0,"6":0,"7":0,"8":0,"9":0,"10":0,"11":0,"12":0,"13":0,"14":0,"15":0,"16":0,"17":0,"18":0,"19":0,"20":0,"21":0,"22":0,"23":0},"b":{"0":[0,0],"1":[0],"2":[0,0],"3":[0,0],"4":[0,0],"5":[0,0],"6":[0,0],"7":[0]},"meta":{"lastBranch":8,"lastFunction":24,"lastStatement":36,"seen":{"f:23:16:23:28":0,"s:24:1:26:Infinity":0,"b:25:19:25:31:25:31:25:Infinity":0,"f:29:16:29:Infinity":1,"b:32:9:32:Infinity":1,"s:38:16:38:Infinity":1,"b:39:1:39:Infinity:undefined:undefined:undefined:undefined":2,"s:39:1:39:Infinity":2,"s:39:13:39:Infinity":3,"s:40:1:40:Infinity":4,"b:41:1:41:Infinity:undefined:undefined:undefined:undefined":3,"s:41:1:41:Infinity":5,"s:41:13:41:Infinity":6,"b:42:1:42:Infinity:undefined:undefined:undefined:undefined":4,"s:42:1:42:Infinity":7,"s:42:11:42:Infinity":8,"b:43:1:43:Infinity:undefined:undefined:undefined:undefined":5,"s:43:1:43:Infinity":9,"s:43:17:43:Infinity":10,"b:44:1:44:Infinity:undefined:undefined:undefined:undefined":6,"s:44:1:44:Infinity":11,"s:44:19:44:Infinity":12,"s:45:1:47:Infinity":13,"f:50:16:50:32":2,"s:51:1:51:Infinity":14,"f:54:16:54:32":3,"s:55:1:55:Infinity":15,"f:58:16:58:29":4,"s:59:1:62:Infinity":16,"f:66:16:66:31":5,"s:67:1:69:Infinity":17,"f:72:16:72:36":6,"s:73:1:75:Infinity":18,"f:78:16:78:33":7,"s:79:1:79:Infinity":19,"f:82:16:82:Infinity":8,"s:87:1:90:Infinity":20,"f:93:16:93:33":9,"s:94:1:94:Infinity":21,"f:97:16:97:Infinity":10,"s:103:1:105:Infinity":22,"f:109:16:109:29":11,"s:110:1:112:Infinity":23,"f:115:16:115:31":12,"s:116:1:116:Infinity":24,"f:119:16:119:31":13,"s:120:1:123:Infinity":25,"f:126:16:126:31":14,"s:127:1:127:Infinity":26,"f:131:16:131:28":15,"s:132:1:132:Infinity":27,"f:135:16:135:32":16,"s:136:1:138:Infinity":28,"f:141:16:141:33":17,"s:142:1:145:Infinity":29,"f:148:16:148:Infinity":18,"s:154:1:157:Infinity":30,"f:160:16:160:33":19,"s:161:1:163:Infinity":31,"f:167:16:167:34":20,"s:168:1:170:Infinity":32,"f:173:16:173:38":21,"s:174:1:176:Infinity":33,"f:179:16:179:Infinity":22,"s:184:1:187:Infinity":34,"f:190:16:190:31":23,"b:190:79:190:82":7,"s:191:1:194:Infinity":35}}}
,"/Users/hyun-in/code/acad-webview-app/src/lib/components/ensemble/EnsembleComments.svelte": {"path":"/Users/hyun-in/code/acad-webview-app/src/lib/components/ensemble/EnsembleComments.svelte","statementMap":{"0":{"start":{"line":17,"column":28},"end":{"line":17,"column":31}},"1":{"start":{"line":19,"column":23},"end":{"line":23,"column":null}},"2":{"start":{"line":25,"column":13},"end":{"line":25,"column":null}},"3":{"start":{"line":26,"column":12},"end":{"line":26,"column":null}},"4":{"start":{"line":27,"column":14},"end":{"line":27,"column":null}},"5":{"start":{"line":28,"column":12},"end":{"line":28,"column":null}},"6":{"start":{"line":29,"column":15},"end":{"line":29,"column":null}},"7":{"start":{"line":30,"column":20},"end":{"line":30,"column":null}},"8":{"start":{"line":31,"column":13},"end":{"line":31,"column":null}},"9":{"start":{"line":33,"column":1},"end":{"line":47,"column":null}},"10":{"start":{"line":34,"column":14},"end":{"line":34,"column":null}},"11":{"start":{"line":35,"column":18},"end":{"line":39,"column":null}},"12":{"start":{"line":36,"column":3},"end":{"line":36,"column":null}},"13":{"start":{"line":38,"column":3},"end":{"line":38,"column":null}},"14":{"start":{"line":40,"column":15},"end":{"line":46,"column":null}},"15":{"start":{"line":41,"column":3},"end":{"line":41,"column":null}},"16":{"start":{"line":42,"column":3},"end":{"line":42,"column":null}},"17":{"start":{"line":43,"column":3},"end":{"line":43,"column":null}},"18":{"start":{"line":44,"column":3},"end":{"line":44,"column":null}},"19":{"start":{"line":45,"column":3},"end":{"line":45,"column":null}},"20":{"start":{"line":50,"column":20},"end":{"line":50,"column":42}},"21":{"start":{"line":51,"column":7},"end":{"line":54,"column":null}},"22":{"start":{"line":52,"column":3},"end":{"line":52,"column":null}},"23":{"start":{"line":56,"column":2},"end":{"line":56,"column":null}},"24":{"start":{"line":57,"column":2},"end":{"line":57,"column":null}},"25":{"start":{"line":58,"column":6},"end":{"line":74,"column":null}},"26":{"start":{"line":59,"column":12},"end":{"line":59,"column":null}},"27":{"start":{"line":60,"column":7},"end":{"line":60,"column":null}},"28":{"start":{"line":60,"column":23},"end":{"line":60,"column":null}},"29":{"start":{"line":61,"column":7},"end":{"line":65,"column":null}},"30":{"start":{"line":62,"column":4},"end":{"line":62,"column":null}},"31":{"start":{"line":64,"column":4},"end":{"line":64,"column":null}},"32":{"start":{"line":67,"column":8},"end":{"line":69,"column":null}},"33":{"start":{"line":68,"column":4},"end":{"line":68,"column":null}},"34":{"start":{"line":71,"column":8},"end":{"line":73,"column":null}},"35":{"start":{"line":72,"column":4},"end":{"line":72,"column":null}},"36":{"start":{"line":78,"column":2},"end":{"line":78,"column":null}},"37":{"start":{"line":82,"column":17},"end":{"line":82,"column":null}},"38":{"start":{"line":83,"column":7},"end":{"line":86,"column":null}},"39":{"start":{"line":84,"column":3},"end":{"line":84,"column":null}},"40":{"start":{"line":88,"column":20},"end":{"line":88,"column":42}},"41":{"start":{"line":89,"column":7},"end":{"line":89,"column":null}},"42":{"start":{"line":89,"column":16},"end":{"line":89,"column":null}},"43":{"start":{"line":91,"column":2},"end":{"line":91,"column":null}},"44":{"start":{"line":92,"column":6},"end":{"line":104,"column":null}},"45":{"start":{"line":93,"column":12},"end":{"line":93,"column":null}},"46":{"start":{"line":94,"column":7},"end":{"line":99,"column":null}},"47":{"start":{"line":95,"column":4},"end":{"line":95,"column":null}},"48":{"start":{"line":96,"column":4},"end":{"line":96,"column":null}},"49":{"start":{"line":98,"column":4},"end":{"line":98,"column":null}},"50":{"start":{"line":103,"column":3},"end":{"line":103,"column":null}},"51":{"start":{"line":108,"column":16},"end":{"line":108,"column":null}},"52":{"start":{"line":109,"column":20},"end":{"line":109,"column":42}},"53":{"start":{"line":110,"column":6},"end":{"line":110,"column":null}},"54":{"start":{"line":110,"column":37},"end":{"line":110,"column":null}},"55":{"start":{"line":112,"column":2},"end":{"line":112,"column":null}},"56":{"start":{"line":113,"column":6},"end":{"line":126,"column":null}},"57":{"start":{"line":114,"column":12},"end":{"line":114,"column":null}},"58":{"start":{"line":115,"column":7},"end":{"line":120,"column":null}},"59":{"start":{"line":116,"column":4},"end":{"line":116,"column":null}},"60":{"start":{"line":116,"column":33},"end":{"line":116,"column":null}},"61":{"start":{"line":117,"column":4},"end":{"line":117,"column":null}},"62":{"start":{"line":119,"column":4},"end":{"line":119,"column":null}},"63":{"start":{"line":124,"column":3},"end":{"line":124,"column":null}},"64":{"start":{"line":125,"column":3},"end":{"line":125,"column":null}},"65":{"start":{"line":130,"column":8},"end":{"line":130,"column":null}},"66":{"start":{"line":131,"column":4},"end":{"line":130,"column":null}},"67":{"start":{"line":131,"column":2},"end":{"line":131,"column":null}},"68":{"start":{"line":136,"column":6},"end":{"line":136,"column":null}},"69":{"start":{"line":136,"column":3},"end":{"line":136,"column":null}},"70":{"start":{"line":137,"column":4},"end":{"line":137,"column":null}},"71":{"start":{"line":140,"column":6},"end":{"line":140,"column":null}},"72":{"start":{"line":140,"column":3},"end":{"line":140,"column":null}},"73":{"start":{"line":142,"column":4},"end":{"line":142,"column":null}},"74":{"start":{"line":145,"column":4},"end":{"line":145,"column":null}},"75":{"start":{"line":145,"column":3},"end":{"line":145,"column":null}},"76":{"start":{"line":147,"column":5},"end":{"line":147,"column":null}},"77":{"start":{"line":147,"column":3},"end":{"line":149,"column":null}},"78":{"start":{"line":147,"column":5},"end":{"line":148,"column":22}},"79":{"start":{"line":148,"column":31},"end":{"line":148,"column":41}},"80":{"start":{"line":149,"column":7},"end":{"line":149,"column":null}},"81":{"start":{"line":150,"column":9},"end":{"line":149,"column":null}},"82":{"start":{"line":151,"column":11},"end":{"line":150,"column":null}},"83":{"start":{"line":151,"column":7},"end":{"line":151,"column":42}},"84":{"start":{"line":152,"column":11},"end":{"line":151,"column":42}},"85":{"start":{"line":152,"column":7},"end":{"line":152,"column":40}},"86":{"start":{"line":154,"column":8},"end":{"line":154,"column":null}},"87":{"start":{"line":154,"column":8},"end":{"line":159,"column":null}},"88":{"start":{"line":159,"column":15},"end":{"line":159,"column":null}},"89":{"start":{"line":154,"column":8},"end":{"line":157,"column":null}},"90":{"start":{"line":154,"column":8},"end":{"line":158,"column":null}},"91":{"start":{"line":153,"column":11},"end":{"line":153,"column":null}},"92":{"start":{"line":153,"column":54},"end":{"line":153,"column":null}},"93":{"start":{"line":150,"column":6},"end":{"line":150,"column":null}},"94":{"start":{"line":165,"column":7},"end":{"line":150,"column":null}},"95":{"start":{"line":165,"column":6},"end":{"line":165,"column":39}},"96":{"start":{"line":167,"column":10},"end":{"line":167,"column":null}},"97":{"start":{"line":169,"column":11},"end":{"line":167,"column":null}},"98":{"start":{"line":169,"column":8},"end":{"line":169,"column":null}},"99":{"start":{"line":170,"column":9},"end":{"line":174,"column":null}},"100":{"start":{"line":173,"column":25},"end":{"line":173,"column":null}},"101":{"start":{"line":174,"column":19},"end":{"line":174,"column":null}},"102":{"start":{"line":178,"column":9},"end":{"line":178,"column":null}},"103":{"start":{"line":178,"column":52},"end":{"line":178,"column":71}},"104":{"start":{"line":167,"column":7},"end":{"line":167,"column":null}},"105":{"start":{"line":166,"column":10},"end":{"line":166,"column":null}},"106":{"start":{"line":166,"column":40},"end":{"line":166,"column":null}},"107":{"start":{"line":149,"column":5},"end":{"line":149,"column":null}},"108":{"start":{"line":151,"column":42},"end":{"line":151,"column":null}},"109":{"start":{"line":165,"column":39},"end":{"line":165,"column":null}},"110":{"start":{"line":152,"column":40},"end":{"line":152,"column":null}},"111":{"start":{"line":147,"column":3},"end":{"line":147,"column":null}},"112":{"start":{"line":144,"column":11},"end":{"line":144,"column":null}},"113":{"start":{"line":144,"column":32},"end":{"line":144,"column":null}},"114":{"start":{"line":139,"column":11},"end":{"line":139,"column":null}},"115":{"start":{"line":139,"column":20},"end":{"line":139,"column":null}},"116":{"start":{"line":135,"column":6},"end":{"line":135,"column":null}},"117":{"start":{"line":135,"column":13},"end":{"line":135,"column":null}},"118":{"start":{"line":189,"column":2},"end":{"line":189,"column":null}},"119":{"start":{"line":196,"column":3},"end":{"line":189,"column":null}},"120":{"start":{"line":196,"column":3},"end":{"line":196,"column":null}},"121":{"start":{"line":196,"column":3},"end":{"line":201,"column":null}},"122":{"start":{"line":196,"column":3},"end":{"line":202,"column":null}},"123":{"start":{"line":205,"column":66},"end":{"line":205,"column":null}},"124":{"start":{"line":205,"column":3},"end":{"line":205,"column":66}},"125":{"start":{"line":205,"column":43},"end":{"line":205,"column":66}},"126":{"start":{"line":130,"column":1},"end":{"line":130,"column":null}},"127":{"start":{"line":132,"column":3},"end":{"line":132,"column":null}},"128":{"start":{"line":196,"column":3},"end":{"line":203,"column":null}},"129":{"start":{"line":189,"column":2},"end":{"line":194,"column":null}},"130":{"start":{"line":192,"column":3},"end":{"line":192,"column":null}},"131":{"start":{"line":193,"column":3},"end":{"line":193,"column":null}},"132":{"start":{"line":200,"column":15},"end":{"line":200,"column":null}}},"fnMap":{"0":{"name":"EnsembleComments","decl":{"start":{"line":1,"column":0},"end":{"line":1,"column":1}},"loc":{"start":{"line":1,"column":0},"end":{"line":128,"column":null}},"line":1},"1":{"name":"(anonymous_1)","decl":{"start":{"line":33,"column":8},"end":{"line":33,"column":15}},"loc":{"start":{"line":33,"column":15},"end":{"line":47,"column":2}},"line":33},"2":{"name":"(anonymous_2)","decl":{"start":{"line":40,"column":15},"end":{"line":40,"column":null}},"loc":{"start":{"line":40,"column":15},"end":{"line":46,"column":3}},"line":40},"3":{"name":"loadComments","decl":{"start":{"line":49,"column":16},"end":{"line":49,"column":28}},"loc":{"start":{"line":49,"column":61},"end":{"line":75,"column":null}},"line":49},"4":{"name":"retryLoad","decl":{"start":{"line":77,"column":10},"end":{"line":77,"column":19}},"loc":{"start":{"line":77,"column":22},"end":{"line":79,"column":null}},"line":77},"5":{"name":"handleSubmit","decl":{"start":{"line":81,"column":16},"end":{"line":81,"column":28}},"loc":{"start":{"line":81,"column":31},"end":{"line":105,"column":null}},"line":81},"6":{"name":"handleDelete","decl":{"start":{"line":107,"column":16},"end":{"line":107,"column":28}},"loc":{"start":{"line":107,"column":31},"end":{"line":127,"column":null}},"line":107},"7":{"name":"(anonymous_7)","decl":{"start":{"line":116,"column":30},"end":{"line":116,"column":32}},"loc":{"start":{"line":116,"column":33},"end":{"line":116,"column":null}},"line":116},"8":{"name":"(anonymous_8)","decl":{"start":{"line":137,"column":4},"end":{"line":137,"column":11}},"loc":{"start":{"line":137,"column":4},"end":{"line":137,"column":null}},"line":137},"9":{"name":"(anonymous_9)","decl":{"start":{"line":142,"column":4},"end":{"line":142,"column":10}},"loc":{"start":{"line":142,"column":4},"end":{"line":142,"column":null}},"line":142},"10":{"name":"(anonymous_10)","decl":{"start":{"line":147,"column":3},"end":{"line":147,"column":5}},"loc":{"start":{"line":147,"column":3},"end":{"line":149,"column":null}},"line":147},"11":{"name":"(anonymous_11)","decl":{"start":{"line":147,"column":5},"end":{"line":147,"column":null}},"loc":{"start":{"line":147,"column":5},"end":{"line":148,"column":22}},"line":147},"12":{"name":"(anonymous_12)","decl":{"start":{"line":148,"column":18},"end":{"line":148,"column":22}},"loc":{"start":{"line":148,"column":31},"end":{"line":148,"column":41}},"line":148},"13":{"name":"(anonymous_13)","decl":{"start":{"line":148,"column":41},"end":{"line":148,"column":null}},"loc":{"start":{"line":148,"column":29},"end":{"line":149,"column":null}},"line":148},"14":{"name":"(anonymous_14)","decl":{"start":{"line":159,"column":15},"end":{"line":159,"column":24}},"loc":{"start":{"line":159,"column":15},"end":{"line":159,"column":null}},"line":159},"15":{"name":"(anonymous_15)","decl":{"start":{"line":170,"column":9},"end":{"line":170,"column":null}},"loc":{"start":{"line":170,"column":9},"end":{"line":174,"column":null}},"line":170},"16":{"name":"(anonymous_16)","decl":{"start":{"line":173,"column":25},"end":{"line":173,"column":40}},"loc":{"start":{"line":173,"column":25},"end":{"line":173,"column":null}},"line":173},"17":{"name":"(anonymous_17)","decl":{"start":{"line":178,"column":9},"end":{"line":178,"column":15}},"loc":{"start":{"line":178,"column":9},"end":{"line":178,"column":null}},"line":178},"18":{"name":"(anonymous_18)","decl":{"start":{"line":152,"column":40},"end":{"line":152,"column":55}},"loc":{"start":{"line":152,"column":40},"end":{"line":152,"column":null}},"line":152},"19":{"name":"(anonymous_19)","decl":{"start":{"line":205,"column":66},"end":{"line":205,"column":73}},"loc":{"start":{"line":205,"column":66},"end":{"line":205,"column":null}},"line":205},"20":{"name":"(anonymous_20)","decl":{"start":{"line":205,"column":3},"end":{"line":205,"column":9}},"loc":{"start":{"line":205,"column":3},"end":{"line":205,"column":66}},"line":205},"21":{"name":"(anonymous_21)","decl":{"start":{"line":189,"column":2},"end":{"line":189,"column":null}},"loc":{"start":{"line":191,"column":19},"end":{"line":194,"column":3}},"line":191},"22":{"name":"get","decl":{"start":{"line":200,"column":3},"end":{"line":200,"column":13}},"loc":{"start":{"line":200,"column":13},"end":{"line":200,"column":null}},"line":200}},"branchMap":{"0":{"loc":{"start":{"line":35,"column":18},"end":{"line":39,"column":null}},"type":"if","locations":[{"start":{"line":35,"column":18},"end":{"line":39,"column":null}},{"start":{"line":37,"column":9},"end":{"line":39,"column":null}}],"line":35},"1":{"loc":{"start":{"line":51,"column":7},"end":{"line":54,"column":null}},"type":"if","locations":[{"start":{"line":51,"column":7},"end":{"line":54,"column":null}},{"start":{},"end":{}}],"line":51},"2":{"loc":{"start":{"line":60,"column":7},"end":{"line":60,"column":null}},"type":"if","locations":[{"start":{"line":60,"column":7},"end":{"line":60,"column":null}},{"start":{},"end":{}}],"line":60},"3":{"loc":{"start":{"line":61,"column":7},"end":{"line":65,"column":null}},"type":"if","locations":[{"start":{"line":61,"column":7},"end":{"line":65,"column":null}},{"start":{"line":63,"column":10},"end":{"line":65,"column":null}}],"line":61},"4":{"loc":{"start":{"line":67,"column":8},"end":{"line":69,"column":null}},"type":"if","locations":[{"start":{"line":67,"column":8},"end":{"line":69,"column":null}},{"start":{},"end":{}}],"line":67},"5":{"loc":{"start":{"line":71,"column":8},"end":{"line":73,"column":null}},"type":"if","locations":[{"start":{"line":71,"column":8},"end":{"line":73,"column":null}},{"start":{},"end":{}}],"line":71},"6":{"loc":{"start":{"line":83,"column":7},"end":{"line":86,"column":null}},"type":"if","locations":[{"start":{"line":83,"column":7},"end":{"line":86,"column":null}},{"start":{},"end":{}}],"line":83},"7":{"loc":{"start":{"line":89,"column":7},"end":{"line":89,"column":null}},"type":"if","locations":[{"start":{"line":89,"column":7},"end":{"line":89,"column":null}},{"start":{},"end":{}}],"line":89},"8":{"loc":{"start":{"line":94,"column":7},"end":{"line":99,"column":null}},"type":"if","locations":[{"start":{"line":94,"column":7},"end":{"line":99,"column":null}},{"start":{"line":97,"column":10},"end":{"line":99,"column":null}}],"line":94},"9":{"loc":{"start":{"line":98,"column":21},"end":{"line":98,"column":52}},"type":"binary-expr","locations":[{"start":{"line":98,"column":21},"end":{"line":98,"column":32}},{"start":{"line":98,"column":36},"end":{"line":98,"column":52}}],"line":98},"10":{"loc":{"start":{"line":110,"column":6},"end":{"line":110,"column":null}},"type":"if","locations":[{"start":{"line":110,"column":6},"end":{"line":110,"column":null}},{"start":{},"end":{}}],"line":110},"11":{"loc":{"start":{"line":110,"column":6},"end":{"line":110,"column":37}},"type":"binary-expr","locations":[{"start":{"line":110,"column":6},"end":{"line":110,"column":28}},{"start":{"line":110,"column":23},"end":{"line":110,"column":37}}],"line":110},"12":{"loc":{"start":{"line":115,"column":7},"end":{"line":120,"column":null}},"type":"if","locations":[{"start":{"line":115,"column":7},"end":{"line":120,"column":null}},{"start":{"line":118,"column":10},"end":{"line":120,"column":null}}],"line":115},"13":{"loc":{"start":{"line":119,"column":21},"end":{"line":119,"column":52}},"type":"binary-expr","locations":[{"start":{"line":119,"column":21},"end":{"line":119,"column":32}},{"start":{"line":119,"column":36},"end":{"line":119,"column":52}}],"line":119},"14":{"loc":{"start":{"line":154,"column":8},"end":{"line":157,"column":null}},"type":"binary-expr","locations":[{"start":{"line":154,"column":8},"end":{"line":157,"column":38}},{"start":{"line":157,"column":38},"end":{"line":157,"column":null}}],"line":154},"15":{"loc":{"start":{"line":153,"column":11},"end":{"line":153,"column":null}},"type":"if","locations":[{"start":{"line":153,"column":11},"end":{"line":153,"column":null}},{"start":{},"end":{}}],"line":153},"16":{"loc":{"start":{"line":166,"column":10},"end":{"line":166,"column":null}},"type":"if","locations":[{"start":{"line":166,"column":10},"end":{"line":166,"column":null}},{"start":{},"end":{}}],"line":166},"17":{"loc":{"start":{"line":144,"column":11},"end":{"line":144,"column":null}},"type":"if","locations":[{"start":{"line":144,"column":11},"end":{"line":144,"column":null}},{"start":{"line":144,"column":32},"end":{"line":144,"column":null}}],"line":144},"18":{"loc":{"start":{"line":139,"column":11},"end":{"line":139,"column":null}},"type":"if","locations":[{"start":{"line":139,"column":11},"end":{"line":139,"column":null}},{"start":{"line":139,"column":20},"end":{"line":139,"column":null}}],"line":139},"19":{"loc":{"start":{"line":135,"column":6},"end":{"line":135,"column":null}},"type":"if","locations":[{"start":{"line":135,"column":6},"end":{"line":135,"column":null}},{"start":{"line":135,"column":13},"end":{"line":135,"column":null}}],"line":135},"20":{"loc":{"start":{"line":132,"column":3},"end":{"line":132,"column":null}},"type":"cond-expr","locations":[{"start":{"line":132,"column":26},"end":{"line":132,"column":30}},{"start":{"line":132,"column":30},"end":{"line":132,"column":null}}],"line":132},"21":{"loc":{"start":{"line":132,"column":3},"end":{"line":132,"column":26}},"type":"binary-expr","locations":[{"start":{"line":132,"column":3},"end":{"line":132,"column":14}},{"start":{"line":132,"column":10},"end":{"line":132,"column":26}}],"line":132}},"s":{"0":9,"1":9,"2":9,"3":9,"4":9,"5":9,"6":9,"7":9,"8":9,"9":9,"10":9,"11":9,"12":9,"13":0,"14":9,"15":8,"16":8,"17":8,"18":8,"19":8,"20":10,"21":10,"22":0,"23":10,"24":10,"25":10,"26":10,"27":9,"28":0,"29":9,"30":9,"31":0,"32":1,"33":1,"34":10,"35":10,"36":1,"37":2,"38":2,"39":0,"40":2,"41":2,"42":0,"43":2,"44":2,"45":2,"46":2,"47":1,"48":1,"49":1,"50":2,"51":1,"52":1,"53":1,"54":0,"55":1,"56":1,"57":1,"58":1,"59":1,"60":1,"61":1,"62":0,"63":1,"64":1,"65":9,"66":9,"67":9,"68":10,"69":10,"70":10,"71":1,"72":1,"73":1,"74":5,"75":5,"76":6,"77":6,"78":6,"79":8,"80":8,"81":8,"82":8,"83":8,"84":8,"85":8,"86":6,"87":6,"88":2,"89":7,"90":7,"91":8,"92":6,"93":8,"94":8,"95":8,"96":2,"97":2,"98":2,"99":2,"100":1,"101":5,"102":2,"103":14,"104":2,"105":11,"106":2,"107":8,"108":8,"109":8,"110":8,"111":6,"112":11,"113":6,"114":10,"115":9,"116":20,"117":10,"118":9,"119":9,"120":9,"121":9,"122":9,"123":12,"124":9,"125":57,"126":9,"127":25,"128":25,"129":9,"130":2,"131":2,"132":2},"f":{"0":9,"1":9,"2":8,"3":10,"4":1,"5":2,"6":1,"7":1,"8":10,"9":1,"10":6,"11":6,"12":8,"13":8,"14":2,"15":2,"16":1,"17":2,"18":8,"19":12,"20":9,"21":2,"22":25},"b":{"0":[9,0],"1":[0,10],"2":[0,9],"3":[9,0],"4":[1,0],"5":[10,0],"6":[0,2],"7":[0,2],"8":[1,1],"9":[1,0],"10":[0,1],"11":[1,1],"12":[1,0],"13":[0,0],"14":[7,0],"15":[6,2],"16":[2,9],"17":[5,6],"18":[1,9],"19":[10,10],"20":[11,14],"21":[25,15]},"meta":{"lastBranch":22,"lastFunction":23,"lastStatement":133,"seen":{"f:1:0:1:1":0,"s:17:28:17:31":0,"s:19:23:23:Infinity":1,"s:25:13:25:Infinity":2,"s:26:12:26:Infinity":3,"s:27:14:27:Infinity":4,"s:28:12:28:Infinity":5,"s:29:15:29:Infinity":6,"s:30:20:30:Infinity":7,"s:31:13:31:Infinity":8,"s:33:1:47:Infinity":9,"f:33:8:33:15":1,"s:34:14:34:Infinity":10,"b:35:18:39:Infinity:37:9:39:Infinity":0,"s:35:18:39:Infinity":11,"s:36:3:36:Infinity":12,"s:38:3:38:Infinity":13,"s:40:15:46:Infinity":14,"f:40:15:40:Infinity":2,"s:41:3:41:Infinity":15,"s:42:3:42:Infinity":16,"s:43:3:43:Infinity":17,"s:44:3:44:Infinity":18,"s:45:3:45:Infinity":19,"f:49:16:49:28":3,"s:50:20:50:42":20,"b:51:7:54:Infinity:undefined:undefined:undefined:undefined":1,"s:51:7:54:Infinity":21,"s:52:3:52:Infinity":22,"s:56:2:56:Infinity":23,"s:57:2:57:Infinity":24,"s:58:6:74:Infinity":25,"s:59:12:59:Infinity":26,"b:60:7:60:Infinity:undefined:undefined:undefined:undefined":2,"s:60:7:60:Infinity":27,"s:60:23:60:Infinity":28,"b:61:7:65:Infinity:63:10:65:Infinity":3,"s:61:7:65:Infinity":29,"s:62:4:62:Infinity":30,"s:64:4:64:Infinity":31,"b:67:8:69:Infinity:undefined:undefined:undefined:undefined":4,"s:67:8:69:Infinity":32,"s:68:4:68:Infinity":33,"b:71:8:73:Infinity:undefined:undefined:undefined:undefined":5,"s:71:8:73:Infinity":34,"s:72:4:72:Infinity":35,"f:77:10:77:19":4,"s:78:2:78:Infinity":36,"f:81:16:81:28":5,"s:82:17:82:Infinity":37,"b:83:7:86:Infinity:undefined:undefined:undefined:undefined":6,"s:83:7:86:Infinity":38,"s:84:3:84:Infinity":39,"s:88:20:88:42":40,"b:89:7:89:Infinity:undefined:undefined:undefined:undefined":7,"s:89:7:89:Infinity":41,"s:89:16:89:Infinity":42,"s:91:2:91:Infinity":43,"s:92:6:104:Infinity":44,"s:93:12:93:Infinity":45,"b:94:7:99:Infinity:97:10:99:Infinity":8,"s:94:7:99:Infinity":46,"s:95:4:95:Infinity":47,"s:96:4:96:Infinity":48,"s:98:4:98:Infinity":49,"b:98:21:98:32:98:36:98:52":9,"s:103:3:103:Infinity":50,"f:107:16:107:28":6,"s:108:16:108:Infinity":51,"s:109:20:109:42":52,"b:110:6:110:Infinity:undefined:undefined:undefined:undefined":10,"s:110:6:110:Infinity":53,"b:110:6:110:28:110:23:110:37":11,"s:110:37:110:Infinity":54,"s:112:2:112:Infinity":55,"s:113:6:126:Infinity":56,"s:114:12:114:Infinity":57,"b:115:7:120:Infinity:118:10:120:Infinity":12,"s:115:7:120:Infinity":58,"s:116:4:116:Infinity":59,"f:116:30:116:32":7,"s:116:33:116:Infinity":60,"s:117:4:117:Infinity":61,"s:119:4:119:Infinity":62,"b:119:21:119:32:119:36:119:52":13,"s:124:3:124:Infinity":63,"s:125:3:125:Infinity":64,"s:130:8:130:Infinity":65,"s:131:4:130:Infinity":66,"s:131:2:131:Infinity":67,"s:136:6:136:Infinity":68,"s:136:3:136:Infinity":69,"s:137:4:137:Infinity":70,"f:137:4:137:11":8,"s:140:6:140:Infinity":71,"s:140:3:140:Infinity":72,"f:142:4:142:10":9,"s:142:4:142:Infinity":73,"s:145:4:145:Infinity":74,"s:145:3:145:Infinity":75,"s:147:5:147:Infinity":76,"f:147:3:147:5":10,"s:147:3:149:Infinity":77,"f:147:5:147:Infinity":11,"s:147:5:148:22":78,"f:148:18:148:22":12,"s:148:31:148:41":79,"f:148:41:148:Infinity":13,"s:149:7:149:Infinity":80,"s:150:9:149:Infinity":81,"s:151:11:150:Infinity":82,"s:151:7:151:42":83,"s:152:11:151:42":84,"s:152:7:152:40":85,"s:154:8:154:Infinity":86,"s:154:8:159:Infinity":87,"f:159:15:159:24":14,"s:159:15:159:Infinity":88,"s:154:8:157:Infinity":89,"b:154:8:157:38:157:38:157:Infinity":14,"s:154:8:158:Infinity":90,"b:153:11:153:Infinity:undefined:undefined:undefined:undefined":15,"s:153:11:153:Infinity":91,"s:153:54:153:Infinity":92,"s:150:6:150:Infinity":93,"s:165:7:150:Infinity":94,"s:165:6:165:39":95,"s:167:10:167:Infinity":96,"s:169:11:167:Infinity":97,"s:169:8:169:Infinity":98,"f:170:9:170:Infinity":15,"s:170:9:174:Infinity":99,"f:173:25:173:40":16,"s:173:25:173:Infinity":100,"s:174:19:174:Infinity":101,"f:178:9:178:15":17,"s:178:9:178:Infinity":102,"s:178:52:178:71":103,"s:167:7:167:Infinity":104,"b:166:10:166:Infinity:undefined:undefined:undefined:undefined":16,"s:166:10:166:Infinity":105,"s:166:40:166:Infinity":106,"s:149:5:149:Infinity":107,"s:151:42:151:Infinity":108,"s:165:39:165:Infinity":109,"f:152:40:152:55":18,"s:152:40:152:Infinity":110,"s:147:3:147:Infinity":111,"b:144:11:144:Infinity:144:32:144:Infinity":17,"s:144:11:144:Infinity":112,"s:144:32:144:Infinity":113,"b:139:11:139:Infinity:139:20:139:Infinity":18,"s:139:11:139:Infinity":114,"s:139:20:139:Infinity":115,"b:135:6:135:Infinity:135:13:135:Infinity":19,"s:135:6:135:Infinity":116,"s:135:13:135:Infinity":117,"s:189:2:189:Infinity":118,"s:196:3:189:Infinity":119,"s:196:3:196:Infinity":120,"s:196:3:201:Infinity":121,"s:196:3:202:Infinity":122,"s:205:66:205:Infinity":123,"f:205:66:205:73":19,"f:205:3:205:9":20,"s:205:3:205:66":124,"s:205:43:205:66":125,"s:130:1:130:Infinity":126,"s:132:3:132:Infinity":127,"b:132:26:132:30:132:30:132:Infinity":20,"b:132:3:132:14:132:10:132:26":21,"s:196:3:203:Infinity":128,"s:189:2:194:Infinity":129,"f:189:2:189:Infinity":21,"s:192:3:192:Infinity":130,"s:193:3:193:Infinity":131,"f:200:3:200:13":22,"s:200:15:200:Infinity":132}}}
,"/Users/hyun-in/code/acad-webview-app/src/lib/components/instructor/InstructorProfileModal.svelte": {"path":"/Users/hyun-in/code/acad-webview-app/src/lib/components/instructor/InstructorProfileModal.svelte","statementMap":{"0":{"start":{"line":19,"column":11},"end":{"line":19,"column":null}},"1":{"start":{"line":20,"column":12},"end":{"line":20,"column":null}},"2":{"start":{"line":21,"column":17},"end":{"line":21,"column":null}},"3":{"start":{"line":23,"column":15},"end":{"line":23,"column":16}},"4":{"start":{"line":26,"column":20},"end":{"line":26,"column":42}},"5":{"start":{"line":27,"column":7},"end":{"line":27,"column":null}},"6":{"start":{"line":27,"column":16},"end":{"line":27,"column":null}},"7":{"start":{"line":29,"column":14},"end":{"line":29,"column":26}},"8":{"start":{"line":30,"column":2},"end":{"line":30,"column":null}},"9":{"start":{"line":31,"column":2},"end":{"line":31,"column":null}},"10":{"start":{"line":32,"column":2},"end":{"line":32,"column":null}},"11":{"start":{"line":34,"column":6},"end":{"line":49,"column":null}},"12":{"start":{"line":35,"column":12},"end":{"line":35,"column":null}},"13":{"start":{"line":36,"column":7},"end":{"line":36,"column":null}},"14":{"start":{"line":36,"column":25},"end":{"line":36,"column":null}},"15":{"start":{"line":37,"column":7},"end":{"line":41,"column":null}},"16":{"start":{"line":38,"column":4},"end":{"line":38,"column":null}},"17":{"start":{"line":40,"column":4},"end":{"line":40,"column":null}},"18":{"start":{"line":43,"column":7},"end":{"line":43,"column":null}},"19":{"start":{"line":43,"column":25},"end":{"line":43,"column":null}},"20":{"start":{"line":44,"column":3},"end":{"line":44,"column":null}},"21":{"start":{"line":46,"column":7},"end":{"line":48,"column":null}},"22":{"start":{"line":47,"column":4},"end":{"line":47,"column":null}},"23":{"start":{"line":52,"column":1},"end":{"line":58,"column":null}},"24":{"start":{"line":53,"column":28},"end":{"line":57,"column":null}},"25":{"start":{"line":54,"column":3},"end":{"line":56,"column":null}},"26":{"start":{"line":55,"column":4},"end":{"line":55,"column":null}},"27":{"start":{"line":61,"column":1},"end":{"line":62,"column":null}},"28":{"start":{"line":62,"column":5},"end":{"line":62,"column":null}},"29":{"start":{"line":62,"column":2},"end":{"line":62,"column":null}},"30":{"start":{"line":64,"column":7},"end":{"line":64,"column":null}},"31":{"start":{"line":64,"column":4},"end":{"line":64,"column":null}},"32":{"start":{"line":65,"column":5},"end":{"line":65,"column":null}},"33":{"start":{"line":68,"column":5},"end":{"line":68,"column":36}},"34":{"start":{"line":68,"column":4},"end":{"line":68,"column":36}},"35":{"start":{"line":68,"column":36},"end":{"line":68,"column":null}},"36":{"start":{"line":70,"column":7},"end":{"line":70,"column":null}},"37":{"start":{"line":71,"column":8},"end":{"line":70,"column":null}},"38":{"start":{"line":71,"column":5},"end":{"line":71,"column":null}},"39":{"start":{"line":73,"column":10},"end":{"line":73,"column":16}},"40":{"start":{"line":73,"column":7},"end":{"line":73,"column":41}},"41":{"start":{"line":73,"column":7},"end":{"line":73,"column":null}},"42":{"start":{"line":73,"column":7},"end":{"line":73,"column":16}},"43":{"start":{"line":75,"column":7},"end":{"line":75,"column":null}},"44":{"start":{"line":72,"column":10},"end":{"line":72,"column":null}},"45":{"start":{"line":72,"column":28},"end":{"line":72,"column":null}},"46":{"start":{"line":89,"column":8},"end":{"line":71,"column":null}},"47":{"start":{"line":90,"column":8},"end":{"line":89,"column":null}},"48":{"start":{"line":90,"column":6},"end":{"line":90,"column":38}},"49":{"start":{"line":92,"column":7},"end":{"line":92,"column":null}},"50":{"start":{"line":92,"column":29},"end":{"line":92,"column":null}},"51":{"start":{"line":91,"column":10},"end":{"line":91,"column":null}},"52":{"start":{"line":91,"column":28},"end":{"line":91,"column":null}},"53":{"start":{"line":89,"column":5},"end":{"line":89,"column":null}},"54":{"start":{"line":70,"column":4},"end":{"line":70,"column":null}},"55":{"start":{"line":97,"column":7},"end":{"line":70,"column":null}},"56":{"start":{"line":97,"column":4},"end":{"line":97,"column":null}},"57":{"start":{"line":100,"column":7},"end":{"line":100,"column":38}},"58":{"start":{"line":100,"column":6},"end":{"line":100,"column":38}},"59":{"start":{"line":100,"column":38},"end":{"line":100,"column":null}},"60":{"start":{"line":102,"column":7},"end":{"line":102,"column":null}},"61":{"start":{"line":102,"column":6},"end":{"line":102,"column":null}},"62":{"start":{"line":99,"column":9},"end":{"line":99,"column":null}},"63":{"start":{"line":99,"column":28},"end":{"line":99,"column":null}},"64":{"start":{"line":107,"column":8},"end":{"line":107,"column":null}},"65":{"start":{"line":109,"column":7},"end":{"line":107,"column":null}},"66":{"start":{"line":109,"column":6},"end":{"line":109,"column":19}},"67":{"start":{"line":107,"column":5},"end":{"line":107,"column":null}},"68":{"start":{"line":109,"column":6},"end":{"line":109,"column":null}},"69":{"start":{"line":124,"column":7},"end":{"line":124,"column":null}},"70":{"start":{"line":106,"column":8},"end":{"line":106,"column":null}},"71":{"start":{"line":106,"column":25},"end":{"line":106,"column":null}},"72":{"start":{"line":90,"column":38},"end":{"line":90,"column":null}},"73":{"start":{"line":69,"column":12},"end":{"line":69,"column":null}},"74":{"start":{"line":69,"column":18},"end":{"line":69,"column":null}},"75":{"start":{"line":67,"column":12},"end":{"line":67,"column":null}},"76":{"start":{"line":67,"column":24},"end":{"line":67,"column":null}},"77":{"start":{"line":63,"column":7},"end":{"line":63,"column":null}},"78":{"start":{"line":63,"column":14},"end":{"line":63,"column":null}}},"fnMap":{"0":{"name":"InstructorProfileModal","decl":{"start":{"line":1,"column":0},"end":{"line":1,"column":1}},"loc":{"start":{"line":1,"column":0},"end":{"line":59,"column":null}},"line":1},"1":{"name":"fetchDetail","decl":{"start":{"line":25,"column":16},"end":{"line":25,"column":27}},"loc":{"start":{"line":25,"column":30},"end":{"line":50,"column":null}},"line":25},"2":{"name":"(anonymous_2)","decl":{"start":{"line":52,"column":8},"end":{"line":52,"column":15}},"loc":{"start":{"line":52,"column":15},"end":{"line":58,"column":2}},"line":52},"3":{"name":"(anonymous_3)","decl":{"start":{"line":54,"column":10},"end":{"line":54,"column":17}},"loc":{"start":{"line":54,"column":17},"end":{"line":56,"column":4}},"line":54},"4":{"name":"(anonymous_4)","decl":{"start":{"line":61,"column":1},"end":{"line":61,"column":6}},"loc":{"start":{"line":61,"column":1},"end":{"line":62,"column":null}},"line":61},"5":{"name":"(anonymous_5)","decl":{"start":{"line":65,"column":5},"end":{"line":65,"column":12}},"loc":{"start":{"line":65,"column":5},"end":{"line":65,"column":null}},"line":65},"6":{"name":"(anonymous_6)","decl":{"start":{"line":68,"column":36},"end":{"line":68,"column":48}},"loc":{"start":{"line":68,"column":36},"end":{"line":68,"column":null}},"line":68},"7":{"name":"(anonymous_7)","decl":{"start":{"line":92,"column":7},"end":{"line":92,"column":12}},"loc":{"start":{"line":92,"column":7},"end":{"line":92,"column":null}},"line":92},"8":{"name":"(anonymous_8)","decl":{"start":{"line":92,"column":29},"end":{"line":92,"column":35}},"loc":{"start":{"line":92,"column":29},"end":{"line":92,"column":null}},"line":92},"9":{"name":"(anonymous_9)","decl":{"start":{"line":100,"column":38},"end":{"line":100,"column":44}},"loc":{"start":{"line":100,"column":38},"end":{"line":100,"column":null}},"line":100},"10":{"name":"(anonymous_10)","decl":{"start":{"line":124,"column":7},"end":{"line":124,"column":18}},"loc":{"start":{"line":124,"column":7},"end":{"line":124,"column":null}},"line":124},"11":{"name":"(anonymous_11)","decl":{"start":{"line":90,"column":38},"end":{"line":90,"column":44}},"loc":{"start":{"line":90,"column":38},"end":{"line":90,"column":null}},"line":90}},"branchMap":{"0":{"loc":{"start":{"line":27,"column":7},"end":{"line":27,"column":null}},"type":"if","locations":[{"start":{"line":27,"column":7},"end":{"line":27,"column":null}},{"start":{},"end":{}}],"line":27},"1":{"loc":{"start":{"line":27,"column":7},"end":{"line":27,"column":null}},"type":"binary-expr","locations":[{"start":{"line":27,"column":7},"end":{"line":27,"column":16}},{"start":{"line":27,"column":16},"end":{"line":27,"column":null}}],"line":27},"2":{"loc":{"start":{"line":36,"column":7},"end":{"line":36,"column":null}},"type":"if","locations":[{"start":{"line":36,"column":7},"end":{"line":36,"column":null}},{"start":{},"end":{}}],"line":36},"3":{"loc":{"start":{"line":37,"column":7},"end":{"line":41,"column":null}},"type":"if","locations":[{"start":{"line":37,"column":7},"end":{"line":41,"column":null}},{"start":{"line":39,"column":10},"end":{"line":41,"column":null}}],"line":37},"4":{"loc":{"start":{"line":37,"column":7},"end":{"line":37,"column":29}},"type":"binary-expr","locations":[{"start":{"line":37,"column":7},"end":{"line":37,"column":17}},{"start":{"line":37,"column":21},"end":{"line":37,"c
[...]
ine":37,"column":79},"end":{"line":37,"column":null}},"23":{"start":{"line":38,"column":2},"end":{"line":38,"column":null}},"24":{"start":{"line":46,"column":21},"end":{"line":46,"column":null}},"25":{"start":{"line":47,"column":1},"end":{"line":51,"column":null}},"26":{"start":{"line":48,"column":2},"end":{"line":50,"column":null}},"27":{"start":{"line":48,"column":27},"end":{"line":48,"column":55}},"28":{"start":{"line":49,"column":3},"end":{"line":49,"column":null}},"29":{"start":{"line":52,"column":1},"end":{"line":52,"column":null}},"30":{"start":{"line":58,"column":16},"end":{"line":58,"column":null}},"31":{"start":{"line":60,"column":1},"end":{"line":88,"column":null}},"32":{"start":{"line":61,"column":21},"end":{"line":61,"column":null}},"33":{"start":{"line":62,"column":19},"end":{"line":62,"column":null}},"34":{"start":{"line":63,"column":21},"end":{"line":63,"column":null}},"35":{"start":{"line":65,"column":2},"end":{"line":79,"column":null}},"36":{"start":{"line":66,"column":3},"end":{"line":66,"column":null}},"37":{"start":{"line":66,"column":36},"end":{"line":66,"column":null}},"38":{"start":{"line":68,"column":35},"end":{"line":70,"column":null}},"39":{"start":{"line":69,"column":12},"end":{"line":69,"column":null}},"40":{"start":{"line":71,"column":33},"end":{"line":73,"column":null}},"41":{"start":{"line":72,"column":12},"end":{"line":72,"column":null}},"42":{"start":{"line":74,"column":32},"end":{"line":74,"column":null}},"43":{"start":{"line":76,"column":3},"end":{"line":76,"column":null}},"44":{"start":{"line":76,"column":32},"end":{"line":76,"column":null}},"45":{"start":{"line":77,"column":3},"end":{"line":77,"column":null}},"46":{"start":{"line":77,"column":30},"end":{"line":77,"column":null}},"47":{"start":{"line":78,"column":3},"end":{"line":78,"column":null}},"48":{"start":{"line":78,"column":30},"end":{"line":78,"column":null}},"49":{"start":{"line":81,"column":2},"end":{"line":87,"column":null}},"50":{"start":{"line":82,"column":3},"end":{"line":86,"column":null}},"51":{"start":{"line":90,"column":1},"end":{"line":90,"column":null}}},"fnMap":{"0":{"name":"countSlotDates","decl":{"start":{"line":6,"column":16},"end":{"line":6,"column":null}},"loc":{"start":{"line":10,"column":10},"end":{"line":24,"column":null}},"line":10},"1":{"name":"formatDayLabels","decl":{"start":{"line":26,"column":16},"end":{"line":26,"column":32}},"loc":{"start":{"line":26,"column":62},"end":{"line":29,"column":null}},"line":26},"2":{"name":"(anonymous_2)","decl":{"start":{"line":27,"column":37},"end":{"line":27,"column":38}},"loc":{"start":{"line":27,"column":47},"end":{"line":27,"column":52}},"line":27},"3":{"name":"(anonymous_3)","decl":{"start":{"line":28,"column":19},"end":{"line":28,"column":20}},"loc":{"start":{"line":28,"column":26},"end":{"line":28,"column":39}},"line":28},"4":{"name":"isReservationDay","decl":{"start":{"line":31,"column":16},"end":{"line":31,"column":33}},"loc":{"start":{"line":31,"column":60},"end":{"line":33,"column":null}},"line":31},"5":{"name":"hasActionNeeded","decl":{"start":{"line":35,"column":16},"end":{"line":35,"column":32}},"loc":{"start":{"line":35,"column":74},"end":{"line":40,"column":null}},"line":35},"6":{"name":"(anonymous_6)","decl":{"start":{"line":36,"column":31},"end":{"line":36,"column":32}},"loc":{"start":{"line":36,"column":39},"end":{"line":39,"column":2}},"line":36},"7":{"name":"filterActionDates","decl":{"start":{"line":42,"column":16},"end":{"line":42,"column":null}},"loc":{"start":{"line":45,"column":15},"end":{"line":53,"column":null}},"line":45},"8":{"name":"(anonymous_8)","decl":{"start":{"line":48,"column":17},"end":{"line":48,"column":18}},"loc":{"start":{"line":48,"column":27},"end":{"line":48,"column":55}},"line":48},"9":{"name":"buildDateIndicators","decl":{"start":{"line":55,"column":16},"end":{"line":55,"column":null}},"loc":{"start":{"line":57,"column":31},"end":{"line":91,"column":null}},"line":57},"10":{"name":"(anonymous_10)","decl":{"start":{"line":69,"column":4},"end":{"line":69,"column":5}},"loc":{"start":{"line":69,"column":12},"end":{"line":69,"column":null}},"line":69},"11":{"name":"(anonymous_11)","decl":{"start":{"line":72,"column":4},"end":{"line":72,"column":5}},"loc":{"start":{"line":72,"column":12},"end":{"line":72,"column":null}},"line":72}},"branchMap":{"0":{"loc":{"start":{"line":11,"column":1},"end":{"line":11,"column":null}},"type":"if","locations":[{"start":{"line":11,"column":1},"end":{"line":11,"column":null}},{"start":{},"end":{}}],"line":11},"1":{"loc":{"start":{"line":14,"column":1},"end":{"line":14,"column":null}},"type":"if","locations":[{"start":{"line":14,"column":1},"end":{"line":14,"column":null}},{"start":{},"end":{}}],"line":14},"2":{"loc":{"start":{"line":14,"column":5},"end":{"line":14,"column":68}},"type":"binary-expr","locations":[{"start":{"line":14,"column":5},"end":{"line":14,"column":31}},{"start":{"line":14,"column":31},"end":{"line":14,"column":55}},{"start":{"line":14,"column":55},"end":{"line":14,"column":68}}],"line":14},"3":{"loc":{"start":{"line":20,"column":2},"end":{"line":20,"column":null}},"type":"if","locations":[{"start":{"line":20,"column":2},"end":{"line":20,"column":null}},{"start":{},"end":{}}],"line":20},"4":{"loc":{"start":{"line":37,"column":2},"end":{"line":37,"column":null}},"type":"if","locations":[{"start":{"line":37,"column":2},"end":{"line":37,"column":null}},{"start":{},"end":{}}],"line":37},"5":{"loc":{"start":{"line":37,"column":6},"end":{"line":37,"column":79}},"type":"binary-expr","locations":[{"start":{"line":37,"column":6},"end":{"line":37,"column":35}},{"start":{"line":37,"column":20},"end":{"line":37,"column":79}}],"line":37},"6":{"loc":{"start":{"line":48,"column":2},"end":{"line":50,"column":null}},"type":"if","locations":[{"start":{"line":48,"column":2},"end":{"line":50,"column":null}},{"start":{},"end":{}}],"line":48},"7":{"loc":{"start":{"line":66,"column":3},"end":{"line":66,"column":null}},"type":"if","locations":[{"start":{"line":66,"column":3},"end":{"line":66,"column":null}},{"start":{},"end":{}}],"line":66},"8":{"loc":{"start":{"line":69,"column":12},"end":{"line":69,"column":null}},"type":"binary-expr","locations":[{"start":{"line":69,"column":12},"end":{"line":69,"column":41}},{"start":{"line":69,"column":41},"end":{"line":69,"column":null}}],"line":69},"9":{"loc":{"start":{"line":74,"column":32},"end":{"line":74,"column":null}},"type":"binary-expr","locations":[{"start":{"line":74,"column":32},"end":{"line":74,"column":59}},{"start":{"line":74,"column":59},"end":{"line":74,"column":null}}],"line":74},"10":{"loc":{"start":{"line":76,"column":3},"end":{"line":76,"column":null}},"type":"if","locations":[{"start":{"line":76,"column":3},"end":{"line":76,"column":null}},{"start":{},"end":{}}],"line":76},"11":{"loc":{"start":{"line":77,"column":3},"end":{"line":77,"column":null}},"type":"if","locations":[{"start":{"line":77,"column":3},"end":{"line":77,"column":null}},{"start":{},"end":{}}],"line":77},"12":{"loc":{"start":{"line":78,"column":3},"end":{"line":78,"column":null}},"type":"if","locations":[{"start":{"line":78,"column":3},"end":{"line":78,"column":null}},{"start":{},"end":{}}],"line":78},"13":{"loc":{"start":{"line":81,"column":2},"end":{"line":87,"column":null}},"type":"if","locations":[{"start":{"line":81,"column":2},"end":{"line":87,"column":null}},{"start":{},"end":{}}],"line":81},"14":{"loc":{"start":{"line":81,"column":6},"end":{"line":81,"column":50}},"type":"binary-expr","locations":[{"start":{"line":81,"column":6},"end":{"line":81,"column":22}},{"start":{"line":81,"column":22},"end":{"line":81,"column":36}},{"start":{"line":81,"column":36},"end":{"line":81,"column":50}}],"line":81}},"s":{"0":1,"1":0,"2":0,"3":0,"4":0,"5":0,"6":0,"7":0,"8":0,"9":0,"10":0,"11":0,"12":0,"13":0,"14":0,"15":0,"16":0,"17":0,"18":0,"19":0,"20":0,"21":0,"22":0,"23":0,"24":0,"25":0,"26":0,"27":0,"28":0,"29":0,"30":9,"31":9,"32":8,"33":8,"34":8,"35":8,"36":8,"37":1,"38":7,"39":6,"40":7,"41":7,"42":7,"43":8,"44":3,"45":7,"46":2,"47":7,"48":3,"49":8,"50":6,"51":9},"f":{"0":0,"1":0,"2":0,"3":0,"4":0,"5":0,"6":0,"7":0,"8":0,"9":9,"10":6,"11":7},"b":{"0":[0,0],"1":[0,0],"2":[0,0,0],"3":[0,0],"4":[0,0],"5":[0,0],"6":[0,0],"7":[1,7],"8":[6,4],"9":[7,4],"10":[3,5],"11":[2,5],"12":[3,4],"13":[6,2],"14":[8,5,4]},"meta":{"lastBranch":15,"lastFunction":12,"lastStatement":52,"seen":{"s:4:19:4:Infinity":0,"f:6:16:6:Infinity":0,"b:11:1:11:Infinity:undefined:undefined:undefined:undefined":0,"s:11:1:11:Infinity":1,"s:11:30:11:Infinity":2,"s:12:15:12:Infinity":3,"s:13:13:13:Infinity":4,"b:14:1:14:Infinity:undefined:undefined:undefined:undefined":1,"s:14:1:14:Infinity":5,"b:14:5:14:31:14:31:14:55:14:55:14:68":2,"s:14:68:14:Infinity":6,"s:16:16:16:Infinity":7,"s:17:13:17:Infinity":8,"s:18:17:18:Infinity":9,"s:19:1:22:Infinity":10,"b:20:2:20:Infinity:undefined:undefined:undefined:undefined":3,"s:20:2:20:Infinity":11,"s:20:36:20:Infinity":12,"s:21:2:21:Infinity":13,"s:23:1:23:Infinity":14,"f:26:16:26:32":1,"s:27:16:27:Infinity":15,"f:27:37:27:38":2,"s:27:47:27:52":16,"s:28:1:28:Infinity":17,"f:28:19:28:20":3,"s:28:26:28:39":18,"f:31:16:31:33":4,"s:32:1:32:Infinity":19,"f:35:16:35:32":5,"s:36:1:39:Infinity":20,"f:36:31:36:32":6,"b:37:2:37:Infinity:undefined:undefined:undefined:undefined":4,"s:37:2:37:Infinity":21,"b:37:6:37:35:37:20:37:79":5,"s:37:79:37:Infinity":22,"s:38:2:38:Infinity":23,"f:42:16:42:Infinity":7,"s:46:21:46:Infinity":24,"s:47:1:51:Infinity":25,"b:48:2:50:Infinity:undefined:undefined:undefined:undefined":6,"s:48:2:50:Infinity":26,"f:48:17:48:18":8,"s:48:27:48:55":27,"s:49:3:49:Infinity":28,"s:52:1:52:Infinity":29,"f:55:16:55:Infinity":9,"s:58:16:58:Infinity":30,"s:60:1:88:Infinity":31,"s:61:21:61:Infinity":32,"s:62:19:62:Infinity":33,"s:63:21:63:Infinity":34,"s:65:2:79:Infinity":35,"b:66:3:66:Infinity:undefined:undefined:undefined:undefined":7,"s:66:3:66:Infinity":36,"s:66:36:66:Infinity":37,"s:68:35:70:Infinity":38,"f:69:4:69:5":10,"s:69:12:69:Infinity":39,"b:69:12:69:41:69:41:69:Infinity":8,"s:71:33:73:Infinity":40,"f:72:4:72:5":11,"s:72:12:72:Infinity":41,"s:74:32:74:Infinity":42,"b:74:32:74:59:74:59:74:Infinity":9,"b:76:3:76:Infinity:undefined:undefined:undefined:undefined":10,"s:76:3:76:Infinity":43,"s:76:32:76:Infinity":44,"b:77:3:77:Infinity:undefined:undefined:undefined:undefined":11,"s:77:3:77:Infinity":45,"s:77:30:77:Infinity":46,"b:78:3:78:Infinity:undefined:undefined:undefined:undefined":12,"s:78:3:78:Infinity":47,"s:78:30:78:Infinity":48,"b:81:2:87:Infinity:undefined:undefined:undefined:undefined":13,"s:81:2:87:Infinity":49,"b:81:6:81:22:81:22:81:36:81:36:81:50":14,"s:82:3:86:Infinity":50,"s:90:1:90:Infinity":51}}}
,"/Users/hyun-in/code/acad-webview-app/src/lib/utils/slot-permission.ts": {"path":"/Users/hyun-in/code/acad-webview-app/src/lib/utils/slot-permission.ts","statementMap":{"0":{"start":{"line":8,"column":1},"end":{"line":8,"column":null}},"1":{"start":{"line":8,"column":36},"end":{"line":8,"column":null}},"2":{"start":{"line":9,"column":1},"end":{"line":9,"column":null}},"3":{"start":{"line":9,"column":33},"end":{"line":9,"column":null}},"4":{"start":{"line":10,"column":1},"end":{"line":10,"column":null}}},"fnMap":{"0":{"name":"canManageSlot","decl":{"start":{"line":7,"column":16},"end":{"line":7,"column":30}},"loc":{"start":{"line":7,"column":92},"end":{"line":11,"column":null}},"line":7}},"branchMap":{"0":{"loc":{"start":{"line":8,"column":1},"end":{"line":8,"column":null}},"type":"if","locations":[{"start":{"line":8,"column":1},"end":{"line":8,"column":null}},{"start":{},"end":{}}],"line":8},"1":{"loc":{"start":{"line":9,"column":1},"end":{"line":9,"column":null}},"type":"if","locations":[{"start":{"line":9,"column":1},"end":{"line":9,"column":null}},{"start":{},"end":{}}],"line":9},"2":{"loc":{"start":{"line":10,"column":8},"end":{"line":10,"column":null}},"type":"binary-expr","locations":[{"start":{"line":10,"column":8},"end":{"line":10,"column":35}},{"start":{"line":10,"column":35},"end":{"line":10,"column":null}}],"line":10}},"s":{"0":7,"1":2,"2":5,"3":2,"4":3},"f":{"0":7},"b":{"0":[2,5],"1":[2,3],"2":[3,2]},"meta":{"lastBranch":3,"lastFunction":1,"lastStatement":5,"seen":{"f:7:16:7:30":0,"b:8:1:8:Infinity:undefined:undefined:undefined:undefined":0,"s:8:1:8:Infinity":0,"s:8:36:8:Infinity":1,"b:9:1:9:Infinity:undefined:undefined:undefined:undefined":1,"s:9:1:9:Infinity":2,"s:9:33:9:Infinity":3,"s:10:1:10:Infinity":4,"b:10:8:10:35:10:35:10:Infinity":2}}}
,"/Users/hyun-in/code/acad-webview-app/src/lib/utils/storage.ts": {"path":"/Users/hyun-in/code/acad-webview-app/src/lib/utils/storage.ts","statementMap":{"0":{"start":{"line":1,"column":15},"end":{"line":1,"column":null}},"1":{"start":{"line":4,"column":1},"end":{"line":4,"column":null}},"2":{"start":{"line":8,"column":1},"end":{"line":8,"column":null}},"3":{"start":{"line":8,"column":36},"end":{"line":8,"column":null}},"4":{"start":{"line":9,"column":1},"end":{"line":13,"column":null}},"5":{"start":{"line":10,"column":2},"end":{"line":10,"column":null}},"6":{"start":{"line":12,"column":2},"end":{"line":12,"column":null}},"7":{"start":{"line":17,"column":1},"end":{"line":17,"column":null}},"8":{"start":{"line":17,"column":36},"end":{"line":17,"column":null}},"9":{"start":{"line":18,"column":1},"end":{"line":22,"column":null}},"10":{"start":{"line":19,"column":2},"end":{"line":19,"column":null}},"11":{"start":{"line":26,"column":1},"end":{"line":26,"column":null}},"12":{"start":{"line":26,"column":36},"end":{"line":26,"column":null}},"13":{"start":{"line":27,"column":1},"end":{"line":31,"column":null}},"14":{"start":{"line":28,"column":2},"end":{"line":28,"column":null}},"15":{"start":{"line":35,"column":13},"end":{"line":35,"column":null}},"16":{"start":{"line":36,"column":1},"end":{"line":36,"column":null}},"17":{"start":{"line":36,"column":11},"end":{"line":36,"column":null}},"18":{"start":{"line":37,"column":1},"end":{"line":41,"column":null}},"19":{"start":{"line":38,"column":2},"end":{"line":38,"column":null}},"20":{"start":{"line":40,"column":2},"end":{"line":40,"column":null}},"21":{"start":{"line":45,"column":1},"end":{"line":45,"column":null}}},"fnMap":{"0":{"name":"getKey","decl":{"start":{"line":3,"column":9},"end":{"line":3,"column":16}},"loc":{"start":{"line":3,"column":37},"end":{"line":5,"column":null}},"line":3},"1":{"name":"getItem","decl":{"start":{"line":7,"column":16},"end":{"line":7,"column":24}},"loc":{"start":{"line":7,"column":52},"end":{"line":14,"column":null}},"line":7},"2":{"name":"setItem","decl":{"start":{"line":16,"column":16},"end":{"line":16,"column":24}},"loc":{"start":{"line":16,"column":58},"end":{"line":23,"column":null}},"line":16},"3":{"name":"removeItem","decl":{"start":{"line":25,"column":16},"end":{"line":25,"column":27}},"loc":{"start":{"line":25,"column":46},"end":{"line":32,"column":null}},"line":25},"4":{"name":"getJson","decl":{"start":{"line":34,"column":16},"end":{"line":34,"column":27}},"loc":{"start":{"line":34,"column":50},"end":{"line":42,"column":null}},"line":34},"5":{"name":"setJson","decl":{"start":{"line":44,"column":16},"end":{"line":44,"column":27}},"loc":{"start":{"line":44,"column":56},"end":{"line":46,"column":null}},"line":44}},"branchMap":{"0":{"loc":{"start":{"line":8,"column":1},"end":{"line":8,"column":null}},"type":"if","locations":[{"start":{"line":8,"column":1},"end":{"line":8,"column":null}},{"start":{},"end":{}}],"line":8},"1":{"loc":{"start":{"line":17,"column":1},"end":{"line":17,"column":null}},"type":"if","locations":[{"start":{"line":17,"column":1},"end":{"line":17,"column":null}},{"start":{},"end":{}}],"line":17},"2":{"loc":{"start":{"line":26,"column":1},"end":{"line":26,"column":null}},"type":"if","locations":[{"start":{"line":26,"column":1},"end":{"line":26,"column":null}},{"start":{},"end":{}}],"line":26},"3":{"loc":{"start":{"line":36,"column":1},"end":{"line":36,"column":null}},"type":"if","locations":[{"start":{"line":36,"column":1},"end":{"line":36,"column":null}},{"start":{},"end":{}}],"line":36}},"s":{"0":1,"1":7,"2":7,"3":0,"4":7,"5":7,"6":0,"7":0,"8":0,"9":0,"10":0,"11":0,"12":0,"13":0,"14":0,"15":6,"16":6,"17":6,"18":0,"19":0,"20":0,"21":0},"f":{"0":7,"1":7,"2":0,"3":0,"4":6,"5":0},"b":{"0":[0,7],"1":[0,0],"2":[0,0],"3":[6,0]},"meta":{"lastBranch":4,"lastFunction":6,"lastStatement":22,"seen":{"s:1:15:1:Infinity":0,"f:3:9:3:16":0,"s:4:1:4:Infinity":1,"f:7:16:7:24":1,"b:8:1:8:Infinity:undefined:undefined:undefined:undefined":0,"s:8:1:8:Infinity":2,"s:8:36:8:Infinity":3,"s:9:1:13:Infinity":4,"s:10:2:10:Infinity":5,"s:12:2:12:Infinity":6,"f:16:16:16:24":2,"b:17:1:17:Infinity:undefined:undefined:undefined:undefined":1,"s:17:1:17:Infinity":7,"s:17:36:17:Infinity":8,"s:18:1:22:Infinity":9,"s:19:2:19:Infinity":10,"f:25:16:25:27":3,"b:26:1:26:Infinity:undefined:undefined:undefined:undefined":2,"s:26:1:26:Infinity":11,"s:26:36:26:Infinity":12,"s:27:1:31:Infinity":13,"s:28:2:28:Infinity":14,"f:34:16:34:27":4,"s:35:13:35:Infinity":15,"b:36:1:36:Infinity:undefined:undefined:undefined:undefined":3,"s:36:1:36:Infinity":16,"s:36:11:36:Infinity":17,"s:37:1:41:Infinity":18,"s:38:2:38:Infinity":19,"s:40:2:40:Infinity":20,"f:44:16:44:27":5,"s:45:1:45:Infinity":21}}}
,"/Users/hyun-in/code/acad-webview-app/src/routes/+page.svelte": {"path":"/Users/hyun-in/code/acad-webview-app/src/routes/+page.svelte","statementMap":{"0":{"start":{"line":7,"column":1},"end":{"line":22,"column":null}},"1":{"start":{"line":8,"column":7},"end":{"line":11,"column":null}},"2":{"start":{"line":9,"column":3},"end":{"line":9,"column":null}},"3":{"start":{"line":12,"column":7},"end":{"line":15,"column":null}},"4":{"start":{"line":13,"column":3},"end":{"line":13,"column":null}},"5":{"start":{"line":16,"column":15},"end":{"line":16,"column":38}},"6":{"start":{"line":17,"column":6},"end":{"line":20,"column":null}},"7":{"start":{"line":18,"column":3},"end":{"line":18,"column":null}},"8":{"start":{"line":21,"column":2},"end":{"line":21,"column":null}},"9":{"start":{"line":25,"column":4},"end":{"line":25,"column":null}},"10":{"start":{"line":25,"column":1},"end":{"line":25,"column":null}}},"fnMap":{"0":{"name":"_page","decl":{"start":{"line":1,"column":0},"end":{"line":1,"column":1}},"loc":{"start":{"line":1,"column":0},"end":{"line":23,"column":null}},"line":1},"1":{"name":"(anonymous_1)","decl":{"start":{"line":7,"column":8},"end":{"line":7,"column":15}},"loc":{"start":{"line":7,"column":15},"end":{"line":22,"column":2}},"line":7}},"branchMap":{"0":{"loc":{"start":{"line":8,"column":7},"end":{"line":11,"column":null}},"type":"if","locations":[{"start":{"line":8,"column":7},"end":{"line":11,"column":null}},{"start":{},"end":{}}],"line":8},"1":{"loc":{"start":{"line":12,"column":7},"end":{"line":15,"column":null}},"type":"if","locations":[{"start":{"line":12,"column":7},"end":{"line":15,"column":null}},{"start":{},"end":{}}],"line":12},"2":{"loc":{"start":{"line":17,"column":6},"end":{"line":20,"column":null}},"type":"if","locations":[{"start":{"line":17,"column":6},"end":{"line":20,"column":null}},{"start":{},"end":{}}],"line":17},"3":{"loc":{"start":{"line":17,"column":6},"end":{"line":17,"column":49}},"type":"binary-expr","locations":[{"start":{"line":17,"column":6},"end":{"line":17,"column":26}},{"start":{"line":17,"column":22},"end":{"line":17,"column":49}}],"line":17}},"s":{"0":1,"1":1,"2":1,"3":0,"4":0,"5":0,"6":0,"7":0,"8":0,"9":1,"10":1},"f":{"0":1,"1":1},"b":{"0":[1,0],"1":[0,0],"2":[0,0],"3":[0,0]},"meta":{"lastBranch":4,"lastFunction":2,"lastStatement":11,"seen":{"f:1:0:1:1":0,"s:7:1:22:Infinity":0,"f:7:8:7:15":1,"b:8:7:11:Infinity:undefined:undefined:undefined:undefined":0,"s:8:7:11:Infinity":1,"s:9:3:9:Infinity":2,"b:12:7:15:Infinity:undefined:undefined:undefined:undefined":1,"s:12:7:15:Infinity":3,"s:13:3:13:Infinity":4,"s:16:15:16:38":5,"b:17:6:20:Infinity:undefined:undefined:undefined:undefined":2,"s:17:6:20:Infinity":6,"b:17:6:17:26:17:22:17:49":3,"s:18:3:18:Infinity":7,"s:21:2:21:Infinity":8,"s:25:4:25:Infinity":9,"s:25:1:25:Infinity":10}}}
}
